TN:
SF:/Users/r/Desktop/lakesail/sqlparser-rs/src/ast/data_type.rs
FN:342,<impl Display for DataType>::fmt
FN:583,format_type_with_optional_length
FN:599,format_character_string_type
FN:611,format_datetime_precision_and_tz
FN:632,format_clickhouse_datetime_precision_and_timezone
FN:689,<impl Display for TimezoneInfo>::fmt
FN:730,<impl Display for ExactNumberInfo>::fmt
FN:763,<impl Display for CharacterLength>::fmt
FN:793,<impl Display for CharLengthUnits>::fmt
FNF:9
FNDA:747,<impl Display for DataType>::fmt
FNDA:346,format_type_with_optional_length
FNDA:57,format_character_string_type
FNDA:44,format_datetime_precision_and_tz
FNDA:4,format_clickhouse_datetime_precision_and_timezone
FNDA:44,<impl Display for TimezoneInfo>::fmt
FNDA:49,<impl Display for ExactNumberInfo>::fmt
FNDA:46,<impl Display for CharacterLength>::fmt
FNDA:16,<impl Display for CharLengthUnits>::fmt
DA:342,747
DA:343,747
DA:344,0
DA:345,0
DA:346,8
DA:347,10
DA:348,8
DA:349,8
DA:352,6
DA:353,22
DA:354,3
DA:355,2
DA:356,4
DA:357,4
DA:359,4
DA:360,4
DA:362,6
DA:363,1
DA:364,1
DA:365,1
DA:367,2
DA:368,4
DA:369,14
DA:370,14
DA:372,11
DA:373,11
DA:375,8
DA:376,8
DA:378,16
DA:379,0
DA:380,3
DA:381,2
DA:382,2
DA:384,1
DA:385,1
DA:387,0
DA:388,0
DA:390,0
DA:391,0
DA:393,5
DA:394,5
DA:396,1
DA:397,1
DA:399,2
DA:400,2
DA:402,1
DA:403,1
DA:405,197
DA:406,1
DA:407,1
DA:409,0
DA:410,0
DA:412,1
DA:413,1
DA:416,1
DA:419,2
DA:422,34
DA:425,1
DA:428,1
DA:430,0
DA:431,0
DA:433,31
DA:434,31
DA:436,0
DA:437,0
DA:439,2
DA:440,2
DA:442,1
DA:443,1
DA:445,31
DA:446,31
DA:448,1
DA:449,1
DA:451,0
DA:452,0
DA:455,2
DA:458,1
DA:461,1
DA:464,1
DA:467,1
DA:470,1
DA:472,0
DA:473,0
DA:474,1
DA:475,17
DA:476,8
DA:477,0
DA:478,0
DA:479,6
DA:480,2
DA:481,10
DA:482,2
DA:483,18
DA:484,18
DA:486,9
DA:487,9
DA:489,26
DA:490,26
DA:492,4
DA:494,4
DA:496,4
DA:497,4
DA:500,4
DA:501,5
DA:502,1
DA:503,1
DA:504,64
DA:505,35
DA:506,0
DA:507,33
DA:508,1
DA:509,7
DA:510,4
DA:511,10
DA:512,0
DA:514,31
DA:515,31
DA:516,27
DA:518,4
DA:521,1
DA:522,1
DA:523,3
DA:524,2
DA:525,1
DA:527,2
DA:529,1
DA:531,1
DA:532,1
DA:533,3
DA:534,2
DA:535,1
DA:537,2
DA:539,1
DA:541,14
DA:542,14
DA:543,10
DA:545,4
DA:548,6
DA:552,4
DA:555,4
DA:556,4
DA:559,3
DA:560,3
DA:562,1
DA:563,1
DA:565,1
DA:566,1
DA:568,0
DA:569,0
DA:571,0
DA:572,0
DA:574,0
DA:575,0
DA:577,0
DA:578,0
DA:583,346
DA:589,346
DA:590,376
DA:591,0
DA:593,346
DA:594,6
DA:596,346
DA:599,57
DA:604,57
DA:605,103
DA:606,0
DA:608,57
DA:611,44
DA:617,44
DA:618,56
DA:622,2
DA:625,42
DA:629,44
DA:632,4
DA:638,4
DA:640,6
DA:641,0
DA:644,4
DA:646,4
DA:689,44
DA:690,44
DA:692,29
DA:695,6
DA:698,7
DA:701,0
DA:707,2
DA:730,49
DA:731,49
DA:733,34
DA:735,6
DA:736,6
DA:738,9
DA:739,9
DA:763,46
DA:764,46
DA:765,43
DA:766,43
DA:767,59
DA:768,0
DA:772,3
DA:775,46
DA:793,16
DA:794,16
DA:796,8
DA:799,8
LF:205
LH:171
end_of_record
TN:
SF:/Users/r/Desktop/lakesail/sqlparser-rs/src/ast/dcl.rs
FN:54,<impl Display for RoleOption>::fmt
FN:156,<impl Display for AlterRoleOperation>::fmt
FN:216,<impl Display for Use>::fmt
FNF:3
FNDA:18,<impl Display for RoleOption>::fmt
FNDA:10,<impl Display for AlterRoleOperation>::fmt
FNDA:145,<impl Display for Use>::fmt
DA:54,18
DA:55,18
DA:56,2
DA:57,4
DA:59,1
DA:60,1
DA:62,2
DA:63,6
DA:65,2
DA:66,6
DA:68,2
DA:69,6
DA:71,2
DA:72,6
DA:74,2
DA:75,1
DA:76,1
DA:78,2
DA:79,2
DA:80,2
DA:82,2
DA:83,1
DA:85,1
DA:89,2
DA:90,6
DA:92,1
DA:93,1
DA:156,10
DA:157,10
DA:158,1
DA:159,1
DA:161,1
DA:162,1
DA:164,1
DA:165,1
DA:167,2
DA:168,2
DA:171,3
DA:172,3
DA:173,3
DA:175,5
DA:176,0
DA:179,3
DA:180,1
DA:181,1
DA:182,1
DA:186,2
DA:187,2
DA:189,3
DA:190,0
DA:193,2
DA:194,1
DA:195,1
DA:216,145
DA:217,145
DA:218,145
DA:219,3
DA:220,9
DA:221,6
DA:222,0
DA:223,126
DA:224,1
LF:62
LH:59
end_of_record
TN:
SF:/Users/r/Desktop/lakesail/sqlparser-rs/src/ast/ddl.rs
FN:248,<impl Display for Owner>::fmt
FN:266,<impl Display for AlterTableOperation>::fmt
FN:510,<impl Display for AlterIndexOperation>::fmt
FN:548,<impl Display for AlterColumnOperation>::fmt
FN:724,<impl Display for TableConstraint>::fmt
FN:869,KeyOrIndexDisplay::is_none
FN:875,<impl Display for KeyOrIndexDisplay>::fmt
FN:914,<impl Display for IndexType>::fmt
FN:937,<impl Display for IndexOption>::fmt
FN:954,<impl Display for ProcedureParam>::fmt
FN:971,<impl Display for ColumnDef>::fmt
FN:1012,<impl Display for ViewColumnDef>::fmt
FN:1053,<impl Display for ColumnOptionDef>::fmt
FN:1067,<impl Display for IdentityProperty>::fmt
FN:1152,<impl Display for ColumnOption>::fmt
FN:1283,display_constraint_name
FN:1286,display_constraint_name::<impl Display for ConstraintName<'a>>::fmt
FN:1300,display_option
FN:1307,display_option::<impl Display for OptionDisplay<'a,T>>::fmt
FN:1322,display_option_spaced
FN:1352,ConstraintCharacteristics::deferrable_text
FN:1362,ConstraintCharacteristics::initially_immediate_text
FN:1370,ConstraintCharacteristics::enforced_text
FN:1384,<impl Display for ConstraintCharacteristics>::fmt
FN:1420,<impl Display for ReferentialAction>::fmt
FN:1442,<impl Display for UserDefinedTypeRepresentation>::fmt
FN:1462,<impl Display for UserDefinedTypeCompositeAttributeDef>::fmt
FN:1487,<impl Display for Partition>::fmt
FN:1510,<impl Display for Deduplicate>::fmt
FN:1532,<impl Display for ClusteredBy>::fmt
FNF:30
FNDA:7,<impl Display for Owner>::fmt
FNDA:115,<impl Display for AlterTableOperation>::fmt
FNDA:1,<impl Display for AlterIndexOperation>::fmt
FNDA:12,<impl Display for AlterColumnOperation>::fmt
FNDA:86,<impl Display for TableConstraint>::fmt
FNDA:64,KeyOrIndexDisplay::is_none
FNDA:24,<impl Display for KeyOrIndexDisplay>::fmt
FNDA:24,<impl Display for IndexType>::fmt
FNDA:12,<impl Display for IndexOption>::fmt
FNDA:3,<impl Display for ProcedureParam>::fmt
FNDA:367,<impl Display for ColumnDef>::fmt
FNDA:6,<impl Display for ViewColumnDef>::fmt
FNDA:130,<impl Display for ColumnOptionDef>::fmt
FNDA:1,<impl Display for IdentityProperty>::fmt
FNDA:146,<impl Display for ColumnOption>::fmt
FNDA:180,display_constraint_name
FNDA:180,display_constraint_name::<impl Display for ConstraintName<'a>>::fmt
FNDA:84,display_option
FNDA:84,display_option::<impl Display for OptionDisplay<'a,T>>::fmt
FNDA:56,display_option_spaced
FNDA:33,ConstraintCharacteristics::deferrable_text
FNDA:33,ConstraintCharacteristics::initially_immediate_text
FNDA:33,ConstraintCharacteristics::enforced_text
FNDA:33,<impl Display for ConstraintCharacteristics>::fmt
FNDA:22,<impl Display for ReferentialAction>::fmt
FNDA:1,<impl Display for UserDefinedTypeRepresentation>::fmt
FNDA:2,<impl Display for UserDefinedTypeCompositeAttributeDef>::fmt
FNDA:13,<impl Display for Partition>::fmt
FNDA:6,<impl Display for Deduplicate>::fmt
FNDA:3,<impl Display for ClusteredBy>::fmt
DA:248,7
DA:249,7
DA:250,4
DA:251,1
DA:252,1
DA:253,1
DA:266,115
DA:267,115
DA:269,2
DA:270,2
DA:271,2
DA:272,2
DA:274,2
DA:275,4
DA:277,16
DA:279,11
DA:280,11
DA:281,11
DA:282,11
DA:283,11
DA:284,11
DA:285,11
DA:286,9
DA:288,11
DA:289,2
DA:291,11
DA:293,15
DA:294,0
DA:297,11
DA:300,4
DA:301,4
DA:302,4
DA:303,4
DA:304,4
DA:305,4
DA:306,1
DA:308,4
DA:310,2
DA:311,2
DA:312,2
DA:313,1
DA:315,2
DA:318,3
DA:319,3
DA:320,3
DA:321,3
DA:322,3
DA:323,3
DA:324,1
DA:326,3
DA:327,5
DA:328,0
DA:330,3
DA:333,3
DA:334,3
DA:335,3
DA:336,3
DA:337,3
DA:338,3
DA:339,1
DA:341,3
DA:342,5
DA:343,0
DA:345,3
DA:347,12
DA:348,12
DA:351,1
DA:353,1
DA:354,1
DA:356,3
DA:357,3
DA:360,2
DA:361,2
DA:362,2
DA:363,2
DA:365,2
DA:366,4
DA:369,2
DA:370,2
DA:371,2
DA:373,2
DA:374,2
DA:376,4
DA:378,4
DA:381,1
DA:383,3
DA:384,3
DA:385,3
DA:386,3
DA:387,3
DA:389,6
DA:391,6
DA:393,2
DA:394,2
DA:396,2
DA:397,2
DA:399,1
DA:400,1
DA:402,1
DA:403,1
DA:405,1
DA:406,1
DA:408,1
DA:409,1
DA:412,1
DA:414,1
DA:415,1
DA:417,3
DA:418,3
DA:421,3
DA:422,3
DA:423,3
DA:424,3
DA:426,3
DA:427,3
DA:430,1
DA:431,1
DA:432,1
DA:433,2
DA:434,2
DA:437,8
DA:438,8
DA:439,8
DA:440,8
DA:441,8
DA:442,8
DA:443,8
DA:444,8
DA:445,8
DA:447,14
DA:448,0
DA:451,8
DA:454,8
DA:455,8
DA:456,8
DA:457,8
DA:458,8
DA:459,8
DA:460,8
DA:461,8
DA:463,14
DA:464,0
DA:467,8
DA:469,1
DA:470,1
DA:472,1
DA:473,1
DA:475,7
DA:476,7
DA:478,1
DA:479,1
DA:480,1
DA:482,1
DA:486,2
DA:487,2
DA:488,2
DA:489,2
DA:490,3
DA:491,0
DA:493,2
DA:496,2
DA:497,2
DA:498,2
DA:499,2
DA:500,3
DA:501,0
DA:503,2
DA:510,1
DA:511,1
DA:512,1
DA:513,1
DA:548,12
DA:549,12
DA:550,1
DA:551,1
DA:552,1
DA:553,1
DA:556,1
DA:558,3
DA:559,5
DA:560,2
DA:562,1
DA:566,5
DA:567,5
DA:569,7
DA:570,1
DA:571,1
DA:572,3
DA:575,0
DA:576,7
DA:577,0
DA:579,6
DA:580,0
DA:583,2
DA:585,5
DA:724,86
DA:725,86
DA:727,10
DA:728,10
DA:729,10
DA:730,10
DA:731,10
DA:732,10
DA:733,10
DA:734,10
DA:735,10
DA:736,10
DA:738,10
DA:739,10
DA:740,10
DA:741,10
DA:744,10
DA:745,3
DA:748,10
DA:749,10
DA:752,18
DA:753,18
DA:754,18
DA:755,18
DA:756,18
DA:757,18
DA:758,18
DA:759,18
DA:760,18
DA:762,18
DA:763,18
DA:764,18
DA:765,18
DA:768,18
DA:769,3
DA:772,18
DA:773,18
DA:776,14
DA:777,14
DA:778,14
DA:779,14
DA:780,14
DA:781,14
DA:782,14
DA:783,14
DA:784,14
DA:785,14
DA:787,14
DA:788,14
DA:789,14
DA:790,14
DA:792,20
DA:793,0
DA:795,20
DA:796,0
DA:798,18
DA:799,0
DA:801,14
DA:803,8
DA:804,8
DA:807,22
DA:808,22
DA:809,22
DA:810,22
DA:812,66
DA:813,32
DA:814,0
DA:816,34
DA:817,0
DA:819,22
DA:821,22
DA:824,14
DA:825,14
DA:826,14
DA:827,14
DA:828,14
DA:829,14
DA:830,7
DA:832,7
DA:835,14
DA:837,22
DA:838,0
DA:841,14
DA:843,14
DA:869,64
DA:870,77
DA:875,24
DA:876,48
DA:878,24
DA:879,13
DA:882,24
DA:884,11
DA:887,6
DA:890,7
DA:914,24
DA:915,24
DA:916,12
DA:917,12
DA:937,12
DA:938,12
DA:939,8
DA:940,4
DA:954,3
DA:955,3
DA:971,367
DA:972,367
DA:973,3
DA:975,364
DA:977,369
DA:978,0
DA:980,627
DA:981,0
DA:983,367
DA:1012,6
DA:1013,6
DA:1014,8
DA:1015,0
DA:1017,7
DA:1024,6
DA:1053,130
DA:1054,130
DA:1067,1
DA:1068,1
DA:1152,146
DA:1154,146
DA:1155,6
DA:1156,41
DA:1157,7
DA:1158,1
DA:1159,2
DA:1160,3
DA:1161,1
DA:1163,1
DA:1166,1
DA:1168,37
DA:1169,37
DA:1171,111
DA:1172,63
DA:1173,0
DA:1175,37
DA:1178,2
DA:1179,2
DA:1180,2
DA:1181,2
DA:1182,2
DA:1183,2
DA:1184,2
DA:1185,2
DA:1186,1
DA:1188,3
DA:1189,0
DA:1191,3
DA:1192,0
DA:1194,2
DA:1195,0
DA:1197,2
DA:1199,1
DA:1200,4
DA:1201,2
DA:1202,2
DA:1203,1
DA:1205,33
DA:1206,33
DA:1207,33
DA:1208,33
DA:1209,33
DA:1211,47
DA:1212,9
DA:1213,5
DA:1214,4
DA:1215,5
DA:1218,7
DA:1220,7
DA:1222,14
DA:1225,38
DA:1226,10
DA:1227,9
DA:1231,0
DA:1232,19
DA:1233,19
DA:1234,19
DA:1235,14
DA:1237,127
DA:1238,0
DA:1240,19
DA:1241,14
DA:1244,19
DA:1247,4
DA:1248,4
DA:1250,2
DA:1251,2
DA:1252,3
DA:1253,0
DA:1255,2
DA:1283,180
DA:1286,180
DA:1287,211
DA:1288,0
DA:1290,180
DA:1293,180
DA:1300,84
DA:1306,0
DA:1307,84
DA:1308,96
DA:1309,0
DA:1310,0
DA:1312,84
DA:1315,84
DA:1322,56
DA:1323,56
DA:1352,33
DA:1353,58
DA:1354,25
DA:1355,12
DA:1357,13
DA:1362,33
DA:1363,33
DA:1364,58
DA:1365,13
DA:1366,12
DA:1370,33
DA:1371,33
DA:1372,53
DA:1373,20
DA:1374,10
DA:1376,10
DA:1384,33
DA:1385,33
DA:1386,33
DA:1387,33
DA:1389,33
DA:1390,0
DA:1391,2
DA:1392,2
DA:1393,4
DA:1394,2
DA:1395,4
DA:1396,9
DA:1397,10
DA:1398,10
DA:1420,22
DA:1421,22
DA:1422,8
DA:1423,7
DA:1424,2
DA:1425,3
DA:1426,2
DA:1442,1
DA:1443,1
DA:1444,1
DA:1445,1
DA:1462,2
DA:1463,2
DA:1464,3
DA:1465,0
DA:1467,2
DA:1487,13
DA:1488,13
DA:1489,1
DA:1490,7
DA:1491,2
DA:1492,3
DA:1493,3
DA:1510,6
DA:1511,6
DA:1512,2
DA:1513,4
DA:1532,3
DA:1533,3
DA:1534,3
DA:1536,3
DA:1538,5
DA:1539,0
DA:1541,3
LF:469
LH:436
end_of_record
TN:
SF:/Users/r/Desktop/lakesail/sqlparser-rs/src/ast/dml.rs
FN:59,<impl Display for CreateIndex>::fmt
FN:193,<impl Display for CreateTable>::fmt
FNF:2
FNDA:10,<impl Display for CreateIndex>::fmt
FNDA:212,<impl Display for CreateTable>::fmt
DA:59,10
DA:60,10
DA:61,10
DA:63,20
DA:64,10
DA:65,1
DA:67,9
DA:69,10
DA:70,8
DA:72,2
DA:75,19
DA:76,0
DA:78,10
DA:79,11
DA:80,0
DA:82,10
DA:83,10
DA:84,1
DA:86,12
DA:88,1
DA:90,1
DA:93,10
DA:94,1
DA:96,11
DA:97,0
DA:99,10
DA:193,212
DA:201,212
DA:202,212
DA:204,424
DA:205,424
DA:206,212
DA:207,216
DA:208,4
DA:209,1
DA:211,3
DA:214,212
DA:215,424
DA:216,424
DA:217,424
DA:218,424
DA:221,214
DA:222,0
DA:224,222
DA:225,203
DA:226,405
DA:227,40
DA:229,203
DA:230,16
DA:232,2
DA:237,5
DA:238,0
DA:242,212
DA:243,1
DA:247,213
DA:248,0
DA:251,213
DA:252,0
DA:255,212
DA:256,6
DA:257,6
DA:260,0
DA:261,0
DA:262,0
DA:263,0
DA:264,0
DA:265,0
DA:267,0
DA:268,0
DA:270,0
DA:271,0
DA:274,206
DA:277,215
DA:278,0
DA:282,212
DA:283,212
DA:284,212
DA:285,212
DA:286,212
DA:288,2
DA:289,1
DA:290,1
DA:291,1
DA:292,1
DA:293,1
DA:296,210
DA:298,5
DA:300,1
DA:301,1
DA:302,1
DA:303,1
DA:306,6
DA:307,1
DA:309,210
DA:311,213
DA:318,212
DA:319,210
DA:320,0
DA:324,212
DA:325,8
DA:326,0
DA:328,4
DA:330,212
DA:331,2
DA:332,2
DA:334,2
DA:337,212
DA:338,8
DA:340,222
DA:341,0
DA:343,216
DA:345,1
DA:346,1
DA:348,2
DA:349,2
DA:352,1
DA:356,214
DA:357,0
DA:359,213
DA:360,0
DA:362,218
DA:363,0
DA:365,214
DA:366,0
DA:368,215
DA:369,0
DA:372,214
DA:380,212
DA:381,3
DA:384,213
DA:388,1
DA:392,213
DA:396,1
DA:400,213
DA:407,213
DA:414,213
DA:415,0
DA:418,213
DA:419,0
DA:422,213
DA:423,0
DA:426,213
DA:427,0
DA:430,214
DA:431,0
DA:433,214
DA:434,0
DA:437,212
DA:438,8
DA:439,1
DA:440,2
DA:441,1
DA:442,0
DA:444,0
DA:446,212
DA:447,1
DA:449,221
DA:450,0
DA:452,212
LF:159
LH:124
end_of_record
TN:
SF:/Users/r/Desktop/lakesail/sqlparser-rs/src/ast/helpers/stmt_create_table.rs
FN:113,CreateTableBuilder::new
FN:160,CreateTableBuilder::or_replace
FN:165,CreateTableBuilder::temporary
FN:170,CreateTableBuilder::external
FN:175,CreateTableBuilder::global
FN:180,CreateTableBuilder::if_not_exists
FN:185,CreateTableBuilder::transient
FN:190,CreateTableBuilder::volatile
FN:195,CreateTableBuilder::columns
FN:200,CreateTableBuilder::constraints
FN:205,CreateTableBuilder::hive_distribution
FN:210,CreateTableBuilder::hive_formats
FN:215,CreateTableBuilder::table_properties
FN:220,CreateTableBuilder::with_options
FN:224,CreateTableBuilder::file_format
FN:228,CreateTableBuilder::location
FN:233,CreateTableBuilder::query
FN:237,CreateTableBuilder::without_rowid
FN:242,CreateTableBuilder::like
FN:248,CreateTableBuilder::clone_clause
FN:253,CreateTableBuilder::engine
FN:258,CreateTableBuilder::comment
FN:263,CreateTableBuilder::auto_increment_offset
FN:268,CreateTableBuilder::default_charset
FN:273,CreateTableBuilder::collation
FN:278,CreateTableBuilder::on_commit
FN:283,CreateTableBuilder::on_cluster
FN:288,CreateTableBuilder::primary_key
FN:293,CreateTableBuilder::order_by
FN:298,CreateTableBuilder::partition_by
FN:303,CreateTableBuilder::cluster_by
FN:308,CreateTableBuilder::clustered_by
FN:313,CreateTableBuilder::options
FN:318,CreateTableBuilder::strict
FN:323,CreateTableBuilder::copy_grants
FN:328,CreateTableBuilder::enable_schema_evolution
FN:333,CreateTableBuilder::change_tracking
FN:338,CreateTableBuilder::data_retention_time_in_days
FN:343,CreateTableBuilder::max_data_extension_time_in_days
FN:351,CreateTableBuilder::default_ddl_collation
FN:356,CreateTableBuilder::with_aggregation_policy
FN:361,CreateTableBuilder::with_row_access_policy
FN:369,CreateTableBuilder::with_tags
FN:374,CreateTableBuilder::build
FN:428,<impl TryFrom for CreateTableBuilder>::try_from
FNF:45
FNDA:1384,CreateTableBuilder::new
FNDA:1383,CreateTableBuilder::or_replace
FNDA:1310,CreateTableBuilder::temporary
FNDA:73,CreateTableBuilder::external
FNDA:1310,CreateTableBuilder::global
FNDA:1383,CreateTableBuilder::if_not_exists
FNDA:1310,CreateTableBuilder::transient
FNDA:123,CreateTableBuilder::volatile
FNDA:1363,CreateTableBuilder::columns
FNDA:1363,CreateTableBuilder::constraints
FNDA:1260,CreateTableBuilder::hive_distribution
FNDA:1383,CreateTableBuilder::hive_formats
FNDA:1260,CreateTableBuilder::table_properties
FNDA:1187,CreateTableBuilder::with_options
FNDA:73,CreateTableBuilder::file_format
FNDA:73,CreateTableBuilder::location
FNDA:1193,CreateTableBuilder::query
FNDA:1187,CreateTableBuilder::without_rowid
FNDA:1187,CreateTableBuilder::like
FNDA:1188,CreateTableBuilder::clone_clause
FNDA:1187,CreateTableBuilder::engine
FNDA:1188,CreateTableBuilder::comment
FNDA:1187,CreateTableBuilder::auto_increment_offset
FNDA:1187,CreateTableBuilder::default_charset
FNDA:1187,CreateTableBuilder::collation
FNDA:1187,CreateTableBuilder::on_commit
FNDA:1187,CreateTableBuilder::on_cluster
FNDA:1187,CreateTableBuilder::primary_key
FNDA:1187,CreateTableBuilder::order_by
FNDA:1187,CreateTableBuilder::partition_by
FNDA:1188,CreateTableBuilder::cluster_by
FNDA:1187,CreateTableBuilder::clustered_by
FNDA:1187,CreateTableBuilder::options
FNDA:1187,CreateTableBuilder::strict
FNDA:4,CreateTableBuilder::copy_grants
FNDA:1,CreateTableBuilder::enable_schema_evolution
FNDA:1,CreateTableBuilder::change_tracking
FNDA:1,CreateTableBuilder::data_retention_time_in_days
FNDA:1,CreateTableBuilder::max_data_extension_time_in_days
FNDA:1,CreateTableBuilder::default_ddl_collation
FNDA:2,CreateTableBuilder::with_aggregation_policy
FNDA:2,CreateTableBuilder::with_row_access_policy
FNDA:2,CreateTableBuilder::with_tags
FNDA:1368,CreateTableBuilder::build
FNDA:2,<impl TryFrom for CreateTableBuilder>::try_from
DA:113,1384
DA:123,1384
DA:124,1384
DA:127,1384
DA:128,1384
DA:160,1383
DA:161,1383
DA:162,1383
DA:165,1310
DA:166,1310
DA:167,1310
DA:170,73
DA:171,73
DA:172,73
DA:175,1310
DA:176,1310
DA:177,1310
DA:180,1383
DA:181,1383
DA:182,1383
DA:185,1310
DA:186,1310
DA:187,1310
DA:190,123
DA:191,123
DA:192,123
DA:195,1363
DA:196,1363
DA:197,1363
DA:200,1363
DA:201,1363
DA:202,1363
DA:205,1260
DA:206,1260
DA:207,1260
DA:210,1383
DA:211,1383
DA:212,1383
DA:215,1260
DA:216,1260
DA:217,1260
DA:220,1187
DA:221,1187
DA:222,1187
DA:224,73
DA:225,73
DA:226,73
DA:228,73
DA:229,73
DA:230,73
DA:233,1193
DA:234,1193
DA:235,1193
DA:237,1187
DA:238,1187
DA:239,1187
DA:242,1187
DA:243,1187
DA:244,1187
DA:248,1188
DA:249,1188
DA:250,1188
DA:253,1187
DA:254,1187
DA:255,1187
DA:258,1188
DA:259,1188
DA:260,1188
DA:263,1187
DA:264,1187
DA:265,1187
DA:268,1187
DA:269,1187
DA:270,1187
DA:273,1187
DA:274,1187
DA:275,1187
DA:278,1187
DA:279,1187
DA:280,1187
DA:283,1187
DA:284,1187
DA:285,1187
DA:288,1187
DA:289,1187
DA:290,1187
DA:293,1187
DA:294,1187
DA:295,1187
DA:298,1187
DA:299,1187
DA:300,1187
DA:303,1188
DA:304,1188
DA:305,1188
DA:308,1187
DA:309,1187
DA:310,1187
DA:313,1187
DA:314,1187
DA:315,1187
DA:318,1187
DA:319,1187
DA:320,1187
DA:323,4
DA:324,4
DA:325,4
DA:328,1
DA:329,1
DA:330,1
DA:333,1
DA:334,1
DA:335,1
DA:338,1
DA:339,1
DA:340,1
DA:343,1
DA:347,1
DA:348,1
DA:351,1
DA:352,1
DA:353,1
DA:356,2
DA:357,2
DA:358,2
DA:361,2
DA:365,2
DA:366,2
DA:369,2
DA:370,2
DA:371,2
DA:374,1368
DA:375,1368
DA:376,1368
DA:377,1368
DA:378,1368
DA:379,1368
DA:380,1368
DA:381,1368
DA:382,1368
DA:383,1368
DA:384,1368
DA:385,1368
DA:386,1368
DA:387,1368
DA:388,1368
DA:389,1368
DA:390,1368
DA:391,1368
DA:392,1368
DA:393,1368
DA:394,1368
DA:395,1368
DA:396,1368
DA:397,1368
DA:398,1368
DA:399,1368
DA:400,1368
DA:401,1368
DA:402,1368
DA:403,1368
DA:404,1368
DA:405,1368
DA:406,1368
DA:407,1368
DA:408,1368
DA:409,1368
DA:410,1368
DA:411,1368
DA:412,1368
DA:413,1368
DA:414,1368
DA:415,1368
DA:416,1368
DA:417,1368
DA:418,1368
DA:428,2
DA:429,2
DA:431,1
DA:432,1
DA:433,1
DA:434,1
DA:435,1
DA:436,1
DA:437,1
DA:438,1
DA:439,1
DA:440,1
DA:441,1
DA:442,1
DA:443,1
DA:444,1
DA:445,1
DA:446,1
DA:447,1
DA:448,1
DA:449,1
DA:450,1
DA:451,1
DA:452,1
DA:453,1
DA:454,1
DA:455,1
DA:456,1
DA:457,1
DA:458,1
DA:459,1
DA:460,1
DA:461,1
DA:462,1
DA:463,1
DA:464,1
DA:465,1
DA:466,1
DA:467,1
DA:468,1
DA:469,1
DA:470,1
DA:471,1
DA:472,1
DA:473,1
DA:474,1
DA:475,1
DA:476,1
DA:477,1
DA:478,1
DA:479,1
DA:480,1
DA:481,1
DA:482,1
DA:483,1
DA:484,1
DA:485,1
DA:486,1
DA:487,1
DA:488,1
DA:489,1
DA:490,1
DA:491,1
DA:492,1
DA:493,1
DA:494,1
DA:495,1
DA:496,1
DA:497,1
DA:498,1
DA:499,1
DA:500,1
DA:501,1
DA:502,1
DA:503,1
DA:504,1
DA:505,1
DA:506,1
DA:507,1
DA:508,1
DA:509,1
DA:510,1
DA:511,1
DA:512,1
DA:513,1
DA:514,1
DA:515,1
DA:516,1
DA:517,1
DA:519,1
DA:520,1
LF:267
LH:267
end_of_record
TN:
SF:/Users/r/Desktop/lakesail/sqlparser-rs/src/ast/helpers/stmt_data_loading.rs
FN:83,<impl Display for StageParamsObject>::fmt
FN:109,<impl Display for DataLoadingOptions>::fmt
FN:126,<impl Display for DataLoadingOption>::fmt
FN:145,<impl Display for StageLoadSelectItem>::fmt
FNF:4
FNDA:48,<impl Display for StageParamsObject>::fmt
FNDA:27,<impl Display for DataLoadingOptions>::fmt
FNDA:63,<impl Display for DataLoadingOption>::fmt
FNDA:13,<impl Display for StageLoadSelectItem>::fmt
DA:83,48
DA:84,48
DA:85,48
DA:86,48
DA:88,48
DA:89,12
DA:91,48
DA:92,7
DA:94,48
DA:95,6
DA:97,48
DA:98,6
DA:100,48
DA:101,6
DA:104,48
DA:109,27
DA:110,27
DA:111,27
DA:112,153
DA:113,27
DA:114,27
DA:116,36
DA:118,63
DA:121,27
DA:126,63
DA:127,63
DA:129,33
DA:133,18
DA:137,12
DA:140,63
DA:145,13
DA:146,13
DA:147,10
DA:149,13
DA:150,13
DA:151,9
DA:153,13
DA:154,6
DA:156,13
LF:39
LH:39
end_of_record
TN:
SF:/Users/r/Desktop/lakesail/sqlparser-rs/src/ast/mod.rs
FN:105,<impl Display for DisplaySeparated<'a,T>>::fmt
FN:116,display_separated
FN:123,display_comma_separated
FN:144,Ident::new
FN:156,Ident::with_quote
FN:169,<impl From for Ident>::from
FN:178,<impl Display for Ident>::fmt
FN:198,<impl Display for ObjectName>::fmt
FN:217,<impl Display for Array>::fmt
FN:272,<impl Display for Interval>::fmt
FN:289,<impl Display for IntervalUnit>::fmt
FN:341,<impl Display for StructField>::fmt
FN:369,<impl Display for UnionField>::fmt
FN:386,<impl Display for DictionaryField>::fmt
FN:400,<impl Display for Map>::fmt
FN:417,<impl Display for MapEntry>::fmt
FN:458,<impl Display for MapAccessKey>::fmt
FN:494,<impl Display for JsonPath>::fmt
FN:1003,<impl Display for Subscript>::fmt
FN:1040,<impl Display for LambdaFunction>::fmt
FN:1080,<impl Deref for OneOrManyWithParens<T>>::deref
FN:1089,<impl AsRef for OneOrManyWithParens<T>>::as_ref
FN:1098,<impl IntoIterator for &'aOneOrManyWithParens<T>>::into_iter
FN:1132,<impl Iterator for OneOrManyWithParensIntoIter<T>>::next
FN:1139,<impl Iterator for OneOrManyWithParensIntoIter<T>>::size_hint
FN:1146,<impl Iterator for OneOrManyWithParensIntoIter<T>>::count
FN:1156,<impl Iterator for OneOrManyWithParensIntoIter<T>>::fold
FN:1169,<impl DoubleEndedIterator for OneOrManyWithParensIntoIter<T>>::next_back
FN:1182,<impl IntoIterator for OneOrManyWithParens<T>>::into_iter
FN:1200,<impl Display for OneOrManyWithParens<T>>::fmt
FN:1211,<impl Display for CastFormat>::fmt
FN:1220,<impl Display for Expr>::fmt
FN:1679,<impl Display for WindowType>::fmt
FN:1709,<impl Display for WindowSpec>::fmt
FN:1767,<impl Default for WindowFrame>::default
FN:1786,<impl Display for WindowFrameUnits>::fmt
FN:1807,<impl Display for NullTreatment>::fmt
FN:1829,<impl Display for WindowFrameBound>::fmt
FN:1850,<impl Display for AddDropSync>::fmt
FN:1872,<impl Display for ShowCreateObject>::fmt
FN:1893,<impl Display for CommentObject>::fmt
FN:1952,<impl Display for DeclareAssignment>::fmt
FN:2004,<impl Display for DeclareType>::fmt
FN:2064,<impl Display for Declare>::fmt
FN:2153,<impl Display for CreateTableOptions>::fmt
FN:3210,<impl Display for Statement>::fmt
FN:4786,<impl Display for SequenceOptions>::fmt
FN:4839,<impl Display for TruncateTableTarget>::fmt
FN:4930,<impl Display for OnInsert>::fmt
FN:4942,<impl Display for OnConflict>::fmt
FN:4951,<impl Display for ConflictTarget>::fmt
FN:4959,<impl Display for OnConflictAction>::fmt
FN:4995,<impl Display for Privileges>::fmt
FN:5041,<impl Display for FetchDirection>::fmt
FN:5101,<impl Display for Action>::fmt
FN:5149,<impl Display for GrantObjects>::fmt
FN:5188,<impl Display for Assignment>::fmt
FN:5207,<impl Display for AssignmentTarget>::fmt
FN:5227,<impl From for FunctionArgExpr>::from
FN:5237,<impl Display for FunctionArgExpr>::fmt
FN:5260,<impl Display for FunctionArgOperator>::fmt
FN:5282,<impl Display for FunctionArg>::fmt
FN:5303,<impl Display for CloseCursor>::fmt
FN:5354,<impl Display for Function>::fmt
FN:5398,<impl Display for FunctionArguments>::fmt
FN:5421,<impl Display for FunctionArgumentList>::fmt
FN:5472,<impl Display for FunctionArgumentClause>::fmt
FN:5499,<impl Display for DuplicateTreatment>::fmt
FN:5517,<impl Display for AnalyzeFormat>::fmt
FN:5541,<impl Display for FileFormat>::fmt
FN:5571,<impl Display for ListAggOnOverflow>::fmt
FN:5598,<impl Display for HavingBound>::fmt
FN:5612,<impl Display for HavingBoundKind>::fmt
FN:5635,<impl Display for ObjectType>::fmt
FN:5659,<impl Display for KillType>::fmt
FN:5702,<impl Display for HiveRowDelimiter>::fmt
FN:5721,<impl Display for HiveDelimiter>::fmt
FN:5743,<impl Display for HiveDescribeFormat>::fmt
FN:5762,<impl Display for DescribeAlias>::fmt
FN:5805,<impl Display for ClusteredIndex>::fmt
FN:5825,<impl Display for TableOptionsClustered>::fmt
FN:5883,<impl Display for SqlOption>::fmt
FN:5924,<impl Display for SecretOption>::fmt
FN:5938,<impl Display for AttachDuckDBDatabaseOption>::fmt
FN:5957,<impl Display for TransactionMode>::fmt
FN:5975,<impl Display for TransactionAccessMode>::fmt
FN:5995,<impl Display for TransactionIsolationLevel>::fmt
FN:6019,<impl Display for TransactionModifier>::fmt
FN:6039,<impl Display for ShowStatementFilter>::fmt
FN:6065,<impl Display for SqliteOnConflict>::fmt
FN:6092,<impl Display for crate::ast::MysqlInsertPriority>::fmt
FN:6133,<impl Display for CopyTarget>::fmt
FN:6189,<impl Display for CopyOption>::fmt
FN:6229,<impl Display for CopyLegacyOption>::fmt
FN:6260,<impl Display for CopyLegacyCsvOption>::fmt
FN:6301,<impl Display for MergeClauseKind>::fmt
FN:6337,<impl Display for MergeInsertKind>::fmt
FN:6376,<impl Display for MergeInsertExpr>::fmt
FN:6416,<impl Display for MergeAction>::fmt
FN:6449,<impl Display for MergeClause>::fmt
FN:6475,<impl Display for DiscardObject>::fmt
FN:6505,<impl Display for FlushType>::fmt
FN:6533,<impl Display for FlushLocation>::fmt
FN:6555,<impl Display for ContextModifier>::fmt
FN:6579,<impl Display for DropFunctionOption>::fmt
FN:6597,<impl Display for FunctionDesc>::fmt
FN:6619,OperateFunctionArg::unnamed
FN:6629,OperateFunctionArg::with_name
FN:6640,<impl Display for OperateFunctionArg>::fmt
FN:6666,<impl Display for ArgMode>::fmt
FN:6686,<impl Display for FunctionBehavior>::fmt
FN:6706,<impl Display for FunctionCalledOnNull>::fmt
FN:6726,<impl Display for FunctionParallel>::fmt
FN:6747,<impl Display for FunctionDeterminismSpecifier>::fmt
FN:6815,<impl Display for CreateFunctionUsing>::fmt
FN:6839,MacroArg::new
FN:6848,<impl Display for MacroArg>::fmt
FN:6866,<impl Display for MacroDefinition>::fmt
FN:6891,<impl Display for SchemaName>::fmt
FN:6924,<impl Display for SearchModifier>::fmt
FN:6954,<impl Display for LockTable>::fmt
FN:6979,<impl Display for LockTableType>::fmt
FN:7008,<impl Display for HiveSetLocation>::fmt
FN:7027,<impl Display for MySQLColumnPosition>::fmt
FN:7050,<impl Display for TableEngine>::fmt
FN:7074,RowAccessPolicy::new
FN:7080,<impl Display for RowAccessPolicy>::fmt
FN:7102,Tag::new
FN:7108,<impl Display for Tag>::fmt
FN:7129,<impl Display for CommentDef>::fmt
FN:7166,<impl Display for WrappedCollection<Vec<T>>>::fmt
FN:7210,<impl Display for UtilityOption>::fmt
FNF:132
FNDA:6720,<impl Display for DisplaySeparated<'a,T>>::fmt
FNDA:3015,display_separated
FNDA:3705,display_comma_separated
FNDA:1443,Ident::new
FNDA:741,Ident::with_quote
FNDA:392,<impl From for Ident>::from
FNDA:6689,<impl Display for Ident>::fmt
FNDA:2612,<impl Display for ObjectName>::fmt
FNDA:32,<impl Display for Array>::fmt
FNDA:60,<impl Display for Interval>::fmt
FNDA:64,<impl Display for IntervalUnit>::fmt
FNDA:65,<impl Display for StructField>::fmt
FNDA:5,<impl Display for UnionField>::fmt
FNDA:15,<impl Display for DictionaryField>::fmt
FNDA:5,<impl Display for Map>::fmt
FNDA:8,<impl Display for MapEntry>::fmt
FNDA:16,<impl Display for MapAccessKey>::fmt
FNDA:13,<impl Display for JsonPath>::fmt
FNDA:22,<impl Display for Subscript>::fmt
FNDA:4,<impl Display for LambdaFunction>::fmt
FNDA:33,<impl Deref for OneOrManyWithParens<T>>::deref
FNDA:6,<impl AsRef for OneOrManyWithParens<T>>::as_ref
FNDA:3,<impl IntoIterator for &'aOneOrManyWithParens<T>>::into_iter
FNDA:80,<impl Iterator for OneOrManyWithParensIntoIter<T>>::next
FNDA:72,<impl Iterator for OneOrManyWithParensIntoIter<T>>::size_hint
FNDA:40,<impl Iterator for OneOrManyWithParensIntoIter<T>>::count
FNDA:40,<impl Iterator for OneOrManyWithParensIntoIter<T>>::fold
FNDA:80,<impl DoubleEndedIterator for OneOrManyWithParensIntoIter<T>>::next_back
FNDA:12,<impl IntoIterator for OneOrManyWithParens<T>>::into_iter
FNDA:32,<impl Display for OneOrManyWithParens<T>>::fmt
FNDA:5,<impl Display for CastFormat>::fmt
FNDA:4673,<impl Display for Expr>::fmt
FNDA:46,<impl Display for WindowType>::fmt
FNDA:60,<impl Display for WindowSpec>::fmt
FNDA:1,<impl Default for WindowFrame>::default
FNDA:14,<impl Display for WindowFrameUnits>::fmt
FNDA:10,<impl Display for NullTreatment>::fmt
FNDA:24,<impl Display for WindowFrameBound>::fmt
FNDA:1,<impl Display for AddDropSync>::fmt
FNDA:12,<impl Display for ShowCreateObject>::fmt
FNDA:3,<impl Display for CommentObject>::fmt
FNDA:15,<impl Display for DeclareAssignment>::fmt
FNDA:20,<impl Display for DeclareType>::fmt
FNDA:30,<impl Display for Declare>::fmt
FNDA:3,<impl Display for CreateTableOptions>::fmt
FNDA:1995,<impl Display for Statement>::fmt
FNDA:89,<impl Display for SequenceOptions>::fmt
FNDA:11,<impl Display for TruncateTableTarget>::fmt
FNDA:8,<impl Display for OnInsert>::fmt
FNDA:7,<impl Display for OnConflict>::fmt
FNDA:5,<impl Display for ConflictTarget>::fmt
FNDA:7,<impl Display for OnConflictAction>::fmt
FNDA:8,<impl Display for Privileges>::fmt
FNDA:14,<impl Display for FetchDirection>::fmt
FNDA:19,<impl Display for Action>::fmt
FNDA:8,<impl Display for GrantObjects>::fmt
FNDA:45,<impl Display for Assignment>::fmt
FNDA:45,<impl Display for AssignmentTarget>::fmt
FNDA:1563,<impl From for FunctionArgExpr>::from
FNDA:325,<impl Display for FunctionArgExpr>::fmt
FNDA:9,<impl Display for FunctionArgOperator>::fmt
FNDA:325,<impl Display for FunctionArg>::fmt
FNDA:2,<impl Display for CloseCursor>::fmt
FNDA:292,<impl Display for Function>::fmt
FNDA:584,<impl Display for FunctionArguments>::fmt
FNDA:277,<impl Display for FunctionArgumentList>::fmt
FNDA:38,<impl Display for FunctionArgumentClause>::fmt
FNDA:10,<impl Display for DuplicateTreatment>::fmt
FNDA:3,<impl Display for AnalyzeFormat>::fmt
FNDA:6,<impl Display for FileFormat>::fmt
FNDA:4,<impl Display for ListAggOnOverflow>::fmt
FNDA:2,<impl Display for HavingBound>::fmt
FNDA:2,<impl Display for HavingBoundKind>::fmt
FNDA:22,<impl Display for ObjectType>::fmt
FNDA:3,<impl Display for KillType>::fmt
FNDA:3,<impl Display for HiveRowDelimiter>::fmt
FNDA:3,<impl Display for HiveDelimiter>::fmt
FNDA:2,<impl Display for HiveDescribeFormat>::fmt
FNDA:33,<impl Display for DescribeAlias>::fmt
FNDA:3,<impl Display for ClusteredIndex>::fmt
FNDA:3,<impl Display for TableOptionsClustered>::fmt
FNDA:60,<impl Display for SqlOption>::fmt
FNDA:2,<impl Display for SecretOption>::fmt
FNDA:2,<impl Display for AttachDuckDBDatabaseOption>::fmt
FNDA:16,<impl Display for TransactionMode>::fmt
FNDA:8,<impl Display for TransactionAccessMode>::fmt
FNDA:8,<impl Display for TransactionIsolationLevel>::fmt
FNDA:6,<impl Display for TransactionModifier>::fmt
FNDA:16,<impl Display for ShowStatementFilter>::fmt
FNDA:0,<impl Display for SqliteOnConflict>::fmt
FNDA:3,<impl Display for crate::ast::MysqlInsertPriority>::fmt
FNDA:12,<impl Display for CopyTarget>::fmt
FNDA:1,<impl Display for CopyOption>::fmt
FNDA:14,<impl Display for CopyLegacyOption>::fmt
FNDA:10,<impl Display for CopyLegacyCsvOption>::fmt
FNDA:89,<impl Display for MergeClauseKind>::fmt
FNDA:13,<impl Display for MergeInsertKind>::fmt
FNDA:13,<impl Display for MergeInsertExpr>::fmt
FNDA:23,<impl Display for MergeAction>::fmt
FNDA:23,<impl Display for MergeClause>::fmt
FNDA:4,<impl Display for DiscardObject>::fmt
FNDA:11,<impl Display for FlushType>::fmt
FNDA:2,<impl Display for FlushLocation>::fmt
FNDA:6,<impl Display for ContextModifier>::fmt
FNDA:0,<impl Display for DropFunctionOption>::fmt
FNDA:13,<impl Display for FunctionDesc>::fmt
FNDA:2,OperateFunctionArg::unnamed
FNDA:7,OperateFunctionArg::with_name
FNDA:45,<impl Display for OperateFunctionArg>::fmt
FNDA:10,<impl Display for ArgMode>::fmt
FNDA:5,<impl Display for FunctionBehavior>::fmt
FNDA:3,<impl Display for FunctionCalledOnNull>::fmt
FNDA:5,<impl Display for FunctionParallel>::fmt
FNDA:2,<impl Display for FunctionDeterminismSpecifier>::fmt
FNDA:1,<impl Display for CreateFunctionUsing>::fmt
FNDA:5,MacroArg::new
FNDA:6,<impl Display for MacroArg>::fmt
FNDA:0,<impl Display for MacroDefinition>::fmt
FNDA:44,<impl Display for SchemaName>::fmt
FNDA:5,<impl Display for SearchModifier>::fmt
FNDA:8,<impl Display for LockTable>::fmt
FNDA:8,<impl Display for LockTableType>::fmt
FNDA:2,<impl Display for HiveSetLocation>::fmt
FNDA:16,<impl Display for MySQLColumnPosition>::fmt
FNDA:10,<impl Display for TableEngine>::fmt
FNDA:2,RowAccessPolicy::new
FNDA:3,<impl Display for RowAccessPolicy>::fmt
FNDA:8,Tag::new
FNDA:2,<impl Display for Tag>::fmt
FNDA:3,<impl Display for CommentDef>::fmt
FNDA:3,<impl Display for WrappedCollection<Vec<T>>>::fmt
FNDA:16,<impl Display for UtilityOption>::fmt
DA:105,6720
DA:106,6720
DA:107,23380
DA:108,0
DA:109,8330
DA:110,8330
DA:112,6720
DA:116,3015
DA:123,3705
DA:144,1443
DA:149,1443
DA:156,741
DA:160,1019
DA:162,741
DA:163,741
DA:169,392
DA:171,392
DA:178,6689
DA:179,439
DA:180,1194
DA:184,21
DA:185,6250
DA:186,0
DA:198,2612
DA:199,2612
DA:217,32
DA:218,32
DA:219,32
DA:221,64
DA:222,32
DA:272,60
DA:273,60
DA:274,60
DA:275,60
DA:277,0
DA:278,0
DA:279,0
DA:280,0
DA:282,0
DA:289,64
DA:290,64
DA:291,64
DA:292,64
DA:293,64
DA:297,2
DA:298,2
DA:299,2
DA:302,2
DA:303,2
DA:304,2
DA:309,95
DA:310,0
DA:312,65
DA:313,0
DA:315,72
DA:316,0
DA:318,64
DA:319,0
DA:321,62
DA:341,65
DA:342,97
DA:343,0
DA:345,33
DA:347,65
DA:348,0
DA:350,65
DA:351,0
DA:353,65
DA:369,5
DA:370,5
DA:386,15
DA:387,15
DA:400,5
DA:401,5
DA:417,8
DA:418,8
DA:458,16
DA:459,16
DA:460,13
DA:461,3
DA:494,13
DA:495,32
DA:496,19
DA:497,15
DA:498,15
DA:499,10
DA:501,5
DA:504,15
DA:505,2
DA:507,13
DA:510,4
DA:511,4
DA:515,13
DA:1003,22
DA:1004,22
DA:1005,13
DA:1007,9
DA:1008,9
DA:1009,9
DA:1011,15
DA:1012,0
DA:1014,9
DA:1015,15
DA:1016,0
DA:1018,10
DA:1019,0
DA:1020,1
DA:1022,9
DA:1040,4
DA:1041,4
DA:1080,33
DA:1081,33
DA:1082,10
DA:1083,23
DA:1089,6
DA:1090,6
DA:1098,3
DA:1099,3
DA:1132,80
DA:1133,80
DA:1134,22
DA:1135,58
DA:1139,72
DA:1140,72
DA:1141,20
DA:1142,52
DA:1146,40
DA:1150,40
DA:1151,12
DA:1152,28
DA:1156,40
DA:1161,40
DA:1162,12
DA:1163,28
DA:1169,80
DA:1170,80
DA:1171,22
DA:1172,58
DA:1182,12
DA:1183,24
DA:1184,4
DA:1185,4
DA:1187,8
DA:1188,8
DA:1200,32
DA:1201,32
DA:1202,22
DA:1203,10
DA:1204,10
DA:1211,5
DA:1212,5
DA:1213,4
DA:1214,1
DA:1220,4673
DA:1221,4673
DA:1222,1542
DA:1223,9
DA:1224,9
DA:1226,0
DA:1227,0
DA:1228,205
DA:1229,2
DA:1230,2
DA:1231,2
DA:1232,2
DA:1233,16
DA:1234,2
DA:1235,2
DA:1236,2
DA:1238,7
DA:1239,7
DA:1240,7
DA:1241,7
DA:1242,7
DA:1244,7
DA:1245,14
DA:1246,7
DA:1249,1
DA:1250,1
DA:1251,1
DA:1252,1
DA:1253,1
DA:1255,1
DA:1256,2
DA:1260,2
DA:1261,2
DA:1262,2
DA:1263,2
DA:1264,2
DA:1266,2
DA:1267,4
DA:1271,5
DA:1272,5
DA:1273,5
DA:1274,5
DA:1275,5
DA:1276,5
DA:1278,5
DA:1279,10
DA:1283,453
DA:1285,10
DA:1286,10
DA:1287,10
DA:1288,10
DA:1289,10
DA:1290,2
DA:1291,2
DA:1293,2
DA:1294,4
DA:1298,8
DA:1299,8
DA:1301,8
DA:1302,16
DA:1307,6
DA:1308,6
DA:1309,6
DA:1310,6
DA:1311,6
DA:1312,2
DA:1313,2
DA:1315,2
DA:1316,4
DA:1320,4
DA:1321,4
DA:1323,4
DA:1324,8
DA:1329,4
DA:1330,4
DA:1331,4
DA:1332,4
DA:1333,4
DA:1334,4
DA:1336,4
DA:1337,8
DA:1338,8
DA:1342,6
DA:1343,6
DA:1344,6
DA:1345,6
DA:1346,6
DA:1347,4
DA:1348,4
DA:1350,4
DA:1351,8
DA:1355,2
DA:1356,2
DA:1358,2
DA:1359,4
DA:1364,1
DA:1365,1
DA:1366,1
DA:1367,1
DA:1369,1
DA:1370,1
DA:1371,1
DA:1372,1
DA:1373,43
DA:1374,43
DA:1375,1
DA:1376,42
DA:1377,6
DA:1379,36
DA:1383,9
DA:1384,9
DA:1385,9
DA:1386,9
DA:1387,9
DA:1388,9
DA:1389,9
DA:1390,16
DA:1391,1
DA:1393,6
DA:1394,4
DA:1396,2
DA:1398,4
DA:1401,0
DA:1403,9
DA:1404,1
DA:1406,9
DA:1409,51
DA:1410,51
DA:1411,51
DA:1412,51
DA:1413,51
DA:1415,37
DA:1416,5
DA:1418,27
DA:1422,5
DA:1423,0
DA:1425,5
DA:1429,1
DA:1430,0
DA:1432,1
DA:1436,13
DA:1440,43
DA:1441,43
DA:1442,43
DA:1443,43
DA:1444,41
DA:1445,2
DA:1447,19
DA:1449,2
DA:1451,6
DA:1452,3
DA:1454,19
DA:1456,2
DA:1458,6
DA:1459,3
DA:1461,2
DA:1462,2
DA:1463,24
DA:1464,1555
DA:1465,6
DA:1466,35
DA:1467,35
DA:1468,35
DA:1470,287
DA:1472,4
DA:1473,4
DA:1474,4
DA:1475,4
DA:1476,4
DA:1477,4
DA:1478,5
DA:1479,0
DA:1481,11
DA:1482,7
DA:1485,8
DA:1486,0
DA:1488,4
DA:1490,8
DA:1491,4
DA:1493,8
DA:1496,18
DA:1497,5
DA:1498,5
DA:1499,5
DA:1500,29
DA:1501,0
DA:1502,12
DA:1503,12
DA:1505,5
DA:1507,5
DA:1508,5
DA:1509,5
DA:1510,23
DA:1511,0
DA:1512,9
DA:1513,9
DA:1514,7
DA:1516,2
DA:1519,5
DA:1521,5
DA:1522,5
DA:1523,5
DA:1524,23
DA:1525,0
DA:1526,9
DA:1527,9
DA:1528,7
DA:1530,2
DA:1533,5
DA:1536,10
DA:1537,10
DA:1538,10
DA:1539,10
DA:1540,10
DA:1541,10
DA:1542,18
DA:1544,6
DA:1546,2
DA:1549,16
DA:1551,4
DA:1553,2
DA:1557,10
DA:1560,3
DA:1561,3
DA:1562,3
DA:1563,3
DA:1564,3
DA:1565,3
DA:1566,3
DA:1569,5
DA:1570,0
DA:1573,3
DA:1575,1
DA:1576,1
DA:1578,12
DA:1579,12
DA:1580,12
DA:1581,12
DA:1582,12
DA:1583,12
DA:1584,16
DA:1585,0
DA:1587,16
DA:1588,0
DA:1590,8
DA:1592,18
DA:1593,0
DA:1596,12
DA:1598,17
DA:1599,17
DA:1601,49
DA:1602,49
DA:1603,41
DA:1604,41
DA:1606,41
DA:1607,41
DA:1610,8
DA:1613,9
DA:1614,9
DA:1616,9
DA:1617,9
DA:1619,5
DA:1620,5
DA:1623,22
DA:1624,22
DA:1625,22
DA:1626,22
DA:1628,32
DA:1629,32
DA:1631,13
DA:1632,13
DA:1634,3
DA:1635,3
DA:1638,6
DA:1639,6
DA:1640,6
DA:1641,6
DA:1643,60
DA:1644,60
DA:1647,9
DA:1648,9
DA:1649,9
DA:1650,9
DA:1651,9
DA:1653,14
DA:1654,0
DA:1656,4
DA:1659,9
DA:1661,3
DA:1662,3
DA:1664,3
DA:1665,4
DA:1679,46
DA:1680,46
DA:1681,40
DA:1682,6
DA:1709,60
DA:1710,60
DA:1711,72
DA:1713,0
DA:1715,60
DA:1716,21
DA:1717,21
DA:1718,21
DA:1719,21
DA:1721,21
DA:1724,60
DA:1725,33
DA:1726,33
DA:1727,33
DA:1729,74
DA:1730,0
DA:1731,24
DA:1738,4
DA:1741,60
DA:1767,1
DA:1770,1
DA:1786,14
DA:1787,14
DA:1788,10
DA:1789,3
DA:1790,1
DA:1807,10
DA:1808,10
DA:1809,6
DA:1810,4
DA:1829,24
DA:1830,14
DA:1831,6
DA:1832,9
DA:1833,0
DA:1834,5
DA:1835,4
DA:1850,1
DA:1851,1
DA:1852,0
DA:1853,0
DA:1854,1
DA:1872,12
DA:1873,12
DA:1874,2
DA:1875,2
DA:1876,2
DA:1877,2
DA:1878,2
DA:1879,2
DA:1893,3
DA:1894,3
DA:1895,1
DA:1896,2
DA:1952,15
DA:1953,15
DA:1954,2
DA:1955,2
DA:1957,10
DA:1958,10
DA:1960,1
DA:1961,1
DA:1963,0
DA:1964,0
DA:1966,2
DA:1967,2
DA:2004,20
DA:2005,20
DA:2007,11
DA:2010,6
DA:2013,3
DA:2064,30
DA:2065,30
DA:2066,30
DA:2067,30
DA:2068,30
DA:2069,30
DA:2070,30
DA:2071,30
DA:2072,30
DA:2073,30
DA:2074,30
DA:2075,30
DA:2076,30
DA:2078,30
DA:2079,2
DA:2082,33
DA:2084,2
DA:2086,1
DA:2090,33
DA:2092,2
DA:2094,1
DA:2098,50
DA:2099,0
DA:2102,33
DA:2104,2
DA:2106,1
DA:2110,39
DA:2111,0
DA:2114,35
DA:2115,0
DA:2118,45
DA:2119,0
DA:2121,30
DA:2153,3
DA:2154,3
DA:2155,1
DA:2156,1
DA:2158,2
DA:2159,2
DA:2161,0
DA:3210,1995
DA:3211,1995
DA:3213,11
DA:3214,11
DA:3215,11
DA:3216,11
DA:3217,11
DA:3218,11
DA:3219,11
DA:3220,11
DA:3221,13
DA:3222,0
DA:3224,11
DA:3226,12
DA:3227,0
DA:3230,11
DA:3234,3
DA:3236,8
DA:3238,11
DA:3239,11
DA:3242,4
DA:3243,4
DA:3245,7
DA:3246,0
DA:3249,4
DA:3252,20
DA:3253,20
DA:3254,20
DA:3255,20
DA:3256,20
DA:3257,20
DA:3259,22
DA:3260,0
DA:3262,20
DA:3263,6
DA:3266,20
DA:3269,13
DA:3270,13
DA:3271,13
DA:3272,13
DA:3273,13
DA:3274,13
DA:3275,13
DA:3276,13
DA:3278,13
DA:3279,4
DA:3282,13
DA:3283,4
DA:3286,16
DA:3287,0
DA:3290,18
DA:3291,0
DA:3294,13
DA:3296,955
DA:3297,27
DA:3298,27
DA:3299,27
DA:3302,14
DA:3303,14
DA:3304,14
DA:3305,14
DA:3306,14
DA:3308,14
DA:3310,27
DA:3311,0
DA:3314,14
DA:3317,1
DA:3318,1
DA:3319,1
DA:3320,1
DA:3321,1
DA:3323,1
DA:3324,1
DA:3326,2
DA:3327,2
DA:3330,2
DA:3331,0
DA:3333,1
DA:3336,2
DA:3337,2
DA:3338,2
DA:3340,2
DA:3341,2
DA:3343,4
DA:3346,3
DA:3347,0
DA:3349,2
DA:3352,8
DA:3353,8
DA:3354,8
DA:3355,8
DA:3356,8
DA:3357,8
DA:3358,8
DA:3360,24
DA:3361,24
DA:3363,8
DA:3364,8
DA:3366,8
DA:3369,12
DA:3371,4
DA:3372,0
DA:3375,11
DA:3377,2
DA:3378,1
DA:3382,8
DA:3384,0
DA:3387,9
DA:3388,0
DA:3390,8
DA:3393,2
DA:3394,2
DA:3395,2
DA:3397,6
DA:3401,2
DA:3402,2
DA:3403,2
DA:3404,2
DA:3405,2
DA:3407,2
DA:3408,2
DA:3410,4
DA:3411,4
DA:3413,3
DA:3414,0
DA:3416,2
DA:3417,1
DA:3419,2
DA:3422,2
DA:3423,2
DA:3424,2
DA:3426,2
DA:3427,2
DA:3429,4
DA:3430,4
DA:3432,2
DA:3435,2
DA:3436,2
DA:3437,2
DA:3438,2
DA:3439,2
DA:3440,2
DA:3441,2
DA:3442,2
DA:3443,2
DA:3444,4
DA:3446,2
DA:3450,2
DA:3451,2
DA:3453,2
DA:3454,1
DA:3456,2
DA:3457,1
DA:3459,2
DA:3460,1
DA:3461,1
DA:3462,0
DA:3465,2
DA:3467,39
DA:3468,39
DA:3469,39
DA:3470,39
DA:3471,39
DA:3472,39
DA:3473,39
DA:3474,39
DA:3475,39
DA:3476,39
DA:3477,39
DA:3478,39
DA:3479,39
DA:3480,39
DA:3481,39
DA:3482,39
DA:3483,39
DA:3484,39
DA:3485,39
DA:3486,81
DA:3489,36
DA:3492,39
DA:3493,0
DA:3495,39
DA:3496,39
DA:3498,78
DA:3500,42
DA:3501,0
DA:3504,39
DA:3505,39
DA:3507,39
DA:3508,78
DA:3509,39
DA:3510,39
DA:3511,39
DA:3514,39
DA:3515,20
DA:3517,44
DA:3519,5
DA:3522,39
DA:3523,1
DA:3526,75
DA:3527,0
DA:3530,42
DA:3531,3
DA:3534,41
DA:3535,0
DA:3537,4
DA:3539,1
DA:3544,47
DA:3545,0
DA:3548,43
DA:3549,0
DA:3552,39
DA:3555,1
DA:3556,1
DA:3559,1
DA:3560,1
DA:3562,5
DA:3565,12
DA:3566,12
DA:3567,12
DA:3568,12
DA:3569,12
DA:3570,12
DA:3571,12
DA:3572,12
DA:3573,12
DA:3574,1
DA:3576,11
DA:3577,11
DA:3578,11
DA:3579,11
DA:3580,11
DA:3581,0
DA:3585,24
DA:3586,12
DA:3587,1
DA:3589,12
DA:3590,6
DA:3592,12
DA:3593,0
DA:3594,0
DA:3595,0
DA:3596,0
DA:3597,0
DA:3598,0
DA:3599,0
DA:3601,0
DA:3604,0
DA:3606,12
DA:3609,12
DA:3610,12
DA:3611,12
DA:3612,12
DA:3613,12
DA:3614,12
DA:3615,12
DA:3616,12
DA:3617,12
DA:3619,13
DA:3620,0
DA:3622,19
DA:3623,0
DA:3625,14
DA:3626,0
DA:3628,12
DA:3630,10
DA:3631,10
DA:3632,10
DA:3633,10
DA:3634,10
DA:3635,10
DA:3636,10
DA:3637,10
DA:3638,10
DA:3639,10
DA:3640,10
DA:3641,10
DA:3642,1
DA:3644,10
DA:3645,9
DA:3646,9
DA:3648,1
DA:3649,1
DA:3652,12
DA:3653,0
DA:3655,16
DA:3656,0
DA:3658,11
DA:3659,0
DA:3661,10
DA:3662,1
DA:3664,11
DA:3665,0
DA:3667,10
DA:3669,2
DA:3670,2
DA:3672,2
DA:3675,2
DA:3676,2
DA:3677,2
DA:3678,2
DA:3679,2
DA:3680,2
DA:3681,2
DA:3682,1
DA:3684,2
DA:3685,2
DA:3686,0
DA:3688,2
DA:3689,0
DA:3691,2
DA:3694,15
DA:3695,15
DA:3696,15
DA:3697,15
DA:3698,15
DA:3699,15
DA:3700,15
DA:3701,15
DA:3702,15
DA:3703,15
DA:3704,15
DA:3705,15
DA:3706,15
DA:3707,15
DA:3708,15
DA:3710,15
DA:3711,15
DA:3713,30
DA:3714,30
DA:3715,30
DA:3717,29
DA:3718,0
DA:3720,26
DA:3721,0
DA:3723,17
DA:3724,0
DA:3726,23
DA:3727,0
DA:3729,20
DA:3730,0
DA:3732,18
DA:3733,0
DA:3735,20
DA:3736,0
DA:3738,16
DA:3739,0
DA:3741,19
DA:3742,0
DA:3744,18
DA:3745,0
DA:3747,16
DA:3748,0
DA:3750,23
DA:3757,19
DA:3758,0
DA:3760,15
DA:3763,5
DA:3764,5
DA:3765,5
DA:3766,5
DA:3767,5
DA:3768,5
DA:3769,5
DA:3770,5
DA:3771,5
DA:3772,5
DA:3773,5
DA:3774,5
DA:3775,5
DA:3777,5
DA:3778,5
DA:3780,10
DA:3781,10
DA:3784,5
DA:3785,5
DA:3787,5
DA:3789,5
DA:3790,0
DA:3793,6
DA:3794,0
DA:3797,5
DA:3798,1
DA:3801,5
DA:3802,5
DA:3804,0
DA:3806,6
DA:3807,0
DA:3809,5
DA:3812,6
DA:3813,6
DA:3814,6
DA:3815,6
DA:3816,6
DA:3817,6
DA:3818,6
DA:3819,3
DA:3821,6
DA:3822,10
DA:3823,0
DA:3825,6
DA:3828,8
DA:3829,8
DA:3830,8
DA:3831,8
DA:3833,8
DA:3834,8
DA:3836,16
DA:3840,16
DA:3842,2
DA:3845,8
DA:3846,8
DA:3848,8
DA:3852,3
DA:3853,3
DA:3854,3
DA:3855,3
DA:3856,3
DA:3858,3
DA:3859,3
DA:3861,6
DA:3862,6
DA:3864,6
DA:3865,0
DA:3867,3
DA:3868,2
DA:3869,1
DA:3871,3
DA:3874,17
DA:3875,17
DA:3876,17
DA:3877,17
DA:3878,17
DA:3879,17
DA:3880,17
DA:3881,17
DA:3882,17
DA:3883,17
DA:3884,17
DA:3885,17
DA:3887,17
DA:3888,17
DA:3890,34
DA:3891,34
DA:3893,34
DA:3894,34
DA:3895,17
DA:3896,17
DA:3897,35
DA:3898,17
DA:3900,18
DA:3907,33
DA:3908,1
DA:3910,17
DA:3911,3
DA:3913,17
DA:3914,1
DA:3916,33
DA:3917,1
DA:3919,17
DA:3920,17
DA:3921,1
DA:3923,17
DA:3925,212
DA:3927,2
DA:3928,2
DA:3929,2
DA:3930,2
DA:3932,2
DA:3933,2
DA:3935,4
DA:3939,2
DA:3940,1
DA:3942,2
DA:3944,10
DA:3946,8
DA:3947,8
DA:3948,8
DA:3949,8
DA:3950,8
DA:3952,8
DA:3953,8
DA:3955,16
DA:3957,14
DA:3958,7
DA:3960,11
DA:3961,0
DA:3963,11
DA:3964,0
DA:3966,7
DA:3967,4
DA:3971,8
DA:3974,4
DA:3975,4
DA:3976,4
DA:3977,4
DA:3978,4
DA:3979,4
DA:3980,4
DA:3981,4
DA:3982,4
DA:3983,4
DA:3984,4
DA:3985,4
DA:3986,4
DA:3987,4
DA:3988,4
DA:3989,4
DA:3990,4
DA:3991,4
DA:3993,4
DA:3994,4
DA:3996,8
DA:3997,4
DA:3998,4
DA:3999,0
DA:4000,0
DA:4001,4
DA:4003,4
DA:4004,0
DA:4005,0
DA:4006,4
DA:4008,4
DA:4009,0
DA:4010,0
DA:4011,4
DA:4013,4
DA:4014,0
DA:4015,0
DA:4016,4
DA:4018,4
DA:4019,0
DA:4020,0
DA:4021,4
DA:4023,4
DA:4024,0
DA:4025,0
DA:4026,4
DA:4028,4
DA:4029,0
DA:4030,0
DA:4031,4
DA:4034,4
DA:4035,0
DA:4037,0
DA:4038,0
DA:4039,0
DA:4040,4
DA:4042,4
DA:4043,0
DA:4045,4
DA:4046,0
DA:4048,4
DA:4049,0
DA:4051,4
DA:4052,0
DA:4054,4
DA:4055,0
DA:4057,4
DA:4058,0
DA:4060,5
DA:4061,0
DA:4063,4
DA:4066,2
DA:4067,2
DA:4068,2
DA:4069,2
DA:4070,2
DA:4071,2
DA:4072,2
DA:4074,2
DA:4075,2
DA:4077,4
DA:4079,3
DA:4080,1
DA:4082,2
DA:4085,2
DA:4087,3
DA:4088,0
DA:4090,3
DA:4091,0
DA:4093,2
DA:4094,2
DA:4095,1
DA:4097,2
DA:4098,2
DA:4101,113
DA:4102,113
DA:4103,113
DA:4104,113
DA:4105,113
DA:4106,113
DA:4107,113
DA:4108,113
DA:4109,113
DA:4110,1
DA:4112,113
DA:4113,1
DA:4115,113
DA:4116,115
DA:4117,0
DA:4119,113
DA:4120,113
DA:4122,113
DA:4124,115
DA:4125,0
DA:4127,113
DA:4129,1
DA:4130,1
DA:4133,3
DA:4134,3
DA:4135,3
DA:4136,3
DA:4137,3
DA:4138,3
DA:4139,3
DA:4140,1
DA:4142,3
DA:4143,1
DA:4145,3
DA:4147,10
DA:4148,10
DA:4151,22
DA:4152,22
DA:4153,22
DA:4154,22
DA:4155,22
DA:4156,22
DA:4157,22
DA:4158,22
DA:4159,22
DA:4161,44
DA:4163,44
DA:4164,22
DA:4165,44
DA:4166,44
DA:4167,44
DA:4170,3
DA:4171,3
DA:4172,3
DA:4174,3
DA:4175,3
DA:4177,6
DA:4178,3
DA:4180,3
DA:4181,0
DA:4183,3
DA:4186,3
DA:4187,3
DA:4188,3
DA:4190,3
DA:4191,3
DA:4193,6
DA:4194,3
DA:4196,3
DA:4197,0
DA:4199,3
DA:4202,2
DA:4203,2
DA:4204,2
DA:4205,2
DA:4206,2
DA:4207,2
DA:4208,3
DA:4209,1
DA:4211,2
DA:4214,2
DA:4216,3
DA:4217,0
DA:4219,2
DA:4221,4
DA:4222,4
DA:4223,4
DA:4226,6
DA:4227,6
DA:4228,6
DA:4229,14
DA:4230,6
DA:4233,22
DA:4234,22
DA:4235,22
DA:4236,22
DA:4237,22
DA:4238,22
DA:4239,22
DA:4240,2
DA:4242,39
DA:4243,22
DA:4246,22
DA:4253,1
DA:4254,1
DA:4255,1
DA:4256,0
DA:4258,1
DA:4261,2
DA:4262,2
DA:4263,2
DA:4264,2
DA:4265,2
DA:4267,3
DA:4268,0
DA:4269,1
DA:4272,2
DA:4275,1
DA:4277,1
DA:4279,2
DA:4280,2
DA:4281,2
DA:4282,2
DA:4284,2
DA:4287,3
DA:4288,3
DA:4289,3
DA:4290,3
DA:4291,3
DA:4292,3
DA:4293,1
DA:4295,3
DA:4296,1
DA:4298,3
DA:4299,3
DA:4300,3
DA:4302,3
DA:4305,9
DA:4306,9
DA:4307,9
DA:4308,9
DA:4309,9
DA:4310,9
DA:4311,4
DA:4313,9
DA:4314,2
DA:4316,9
DA:4317,9
DA:4318,6
DA:4320,9
DA:4322,6
DA:4323,6
DA:4324,6
DA:4327,10
DA:4328,10
DA:4329,10
DA:4330,10
DA:4332,10
DA:4333,10
DA:4335,20
DA:4336,20
DA:4339,12
DA:4340,0
DA:4342,10
DA:4345,7
DA:4346,7
DA:4347,7
DA:4348,7
DA:4350,7
DA:4351,7
DA:4353,14
DA:4354,14
DA:4356,9
DA:4357,0
DA:4359,9
DA:4360,0
DA:4362,7
DA:4364,1
DA:4365,1
DA:4366,2
DA:4367,0
DA:4369,1
DA:4371,145
DA:4372,3
DA:4373,3
DA:4374,5
DA:4375,0
DA:4377,3
DA:4380,17
DA:4381,17
DA:4382,17
DA:4383,17
DA:4384,17
DA:4385,15
DA:4386,0
DA:4388,3
DA:4391,8
DA:4393,17
DA:4394,6
DA:4396,17
DA:4399,3
DA:4400,3
DA:4401,3
DA:4402,3
DA:4403,3
DA:4404,1
DA:4406,2
DA:4408,3
DA:4409,2
DA:4411,4
DA:4412,0
DA:4414,3
DA:4416,18
DA:4417,54
DA:4419,13
DA:4420,13
DA:4422,13
DA:4423,5
DA:4426,17
DA:4427,0
DA:4430,13
DA:4433,4
DA:4434,4
DA:4435,4
DA:4436,4
DA:4438,8
DA:4441,2
DA:4442,2
DA:4443,3
DA:4444,0
DA:4446,2
DA:4449,7
DA:4450,7
DA:4451,7
DA:4452,7
DA:4453,7
DA:4454,7
DA:4455,7
DA:4456,7
DA:4457,7
DA:4458,7
DA:4459,2
DA:4461,8
DA:4462,0
DA:4464,7
DA:4467,1
DA:4468,1
DA:4469,1
DA:4470,1
DA:4471,1
DA:4472,1
DA:4473,1
DA:4474,1
DA:4475,1
DA:4476,1
DA:4477,0
DA:4479,2
DA:4480,1
DA:4482,8
DA:4483,4
DA:4485,8
DA:4489,3
DA:4490,3
DA:4491,3
DA:4492,3
DA:4493,3
DA:4494,3
DA:4495,1
DA:4497,3
DA:4498,1
DA:4500,3
DA:4503,2
DA:4504,2
DA:4505,2
DA:4506,2
DA:4507,2
DA:4508,2
DA:4509,1
DA:4511,2
DA:4514,3
DA:4515,3
DA:4516,3
DA:4517,3
DA:4518,3
DA:4519,3
DA:4520,3
DA:4521,1
DA:4523,3
DA:4524,5
DA:4525,2
DA:4527,1
DA:4530,1
DA:4531,1
DA:4532,1
DA:4534,2
DA:4535,2
DA:4538,5
DA:4539,5
DA:4540,5
DA:4541,5
DA:4542,5
DA:4544,5
DA:4545,5
DA:4547,10
DA:4549,5
DA:4550,5
DA:4553,7
DA:4554,7
DA:4555,7
DA:4556,7
DA:4557,7
DA:4559,13
DA:4560,0
DA:4562,1
DA:4565,7
DA:4566,3
DA:4569,7
DA:4570,2
DA:4571,0
DA:4572,2
DA:4573,3
DA:4577,2
DA:4578,2
DA:4579,2
DA:4580,2
DA:4581,1
DA:4583,1
DA:4587,12
DA:4588,12
DA:4589,12
DA:4590,12
DA:4591,12
DA:4592,12
DA:4594,28
DA:4599,8
DA:4601,12
DA:4602,12
DA:4604,24
DA:4605,24
DA:4609,78
DA:4610,0
DA:4612,14
DA:4613,0
DA:4615,12
DA:4618,18
DA:4619,18
DA:4620,18
DA:4621,18
DA:4622,18
DA:4623,18
DA:4624,18
DA:4625,18
DA:4626,18
DA:4629,18
DA:4630,18
DA:4632,36
DA:4633,36
DA:4634,36
DA:4636,18
DA:4637,3
DA:4639,18
DA:4640,3
DA:4642,18
DA:4643,3
DA:4645,18
DA:4646,3
DA:4648,18
DA:4651,30
DA:4652,30
DA:4653,30
DA:4654,30
DA:4655,30
DA:4656,30
DA:4657,30
DA:4658,30
DA:4659,30
DA:4660,30
DA:4661,30
DA:4662,30
DA:4663,30
DA:4665,23
DA:4666,23
DA:4667,3
DA:4671,7
DA:4672,7
DA:4674,7
DA:4675,7
DA:4676,7
DA:4678,7
DA:4679,3
DA:4681,7
DA:4683,30
DA:4684,12
DA:4685,12
DA:4687,12
DA:4690,30
DA:4691,12
DA:4693,30
DA:4694,3
DA:4696,30
DA:4697,3
DA:4699,30
DA:4700,6
DA:4701,6
DA:4703,6
DA:4706,30
DA:4709,1
DA:4710,1
DA:4711,1
DA:4712,1
DA:4714,6
DA:4715,6
DA:4716,6
DA:4717,5
DA:4718,5
DA:4719,3
DA:4721,2
DA:4724,6
DA:4726,4
DA:4727,4
DA:4730,1
DA:4732,1
DA:4733,1
DA:4735,1
DA:4736,1
DA:4739,1
DA:4742,10
DA:4743,10
DA:4744,10
DA:4745,10
DA:4746,10
DA:4747,10
DA:4748,10
DA:4749,13
DA:4750,0
DA:4752,12
DA:4753,0
DA:4755,10
DA:4756,4
DA:4758,16
DA:4759,0
DA:4761,10
DA:4786,89
DA:4787,21
DA:4788,23
DA:4789,23
DA:4792,23
DA:4796,18
DA:4797,18
DA:4800,3
DA:4802,18
DA:4803,18
DA:4806,0
DA:4808,13
DA:4809,13
DA:4810,13
DA:4812,26
DA:4816,8
DA:4817,8
DA:4819,6
DA:4820,18
DA:4839,11
DA:4840,11
DA:4930,8
DA:4931,8
DA:4932,1
DA:4933,1
DA:4935,1
DA:4937,7
DA:4942,7
DA:4943,7
DA:4944,12
DA:4945,0
DA:4947,7
DA:4951,5
DA:4952,5
DA:4953,4
DA:4954,1
DA:4959,7
DA:4960,7
DA:4961,2
DA:4962,5
DA:4963,5
DA:4964,5
DA:4965,5
DA:4966,5
DA:4968,5
DA:4971,8
DA:4972,0
DA:4974,5
DA:4995,8
DA:4996,8
DA:4998,3
DA:5000,3
DA:5004,2
DA:5006,1
DA:5010,5
DA:5011,5
DA:5041,14
DA:5042,14
DA:5043,2
DA:5044,1
DA:5045,1
DA:5046,1
DA:5047,1
DA:5048,1
DA:5049,1
DA:5050,1
DA:5052,1
DA:5053,1
DA:5054,1
DA:5056,2
DA:5057,1
DA:5058,1
DA:5060,2
DA:5061,0
DA:5062,1
DA:5065,1
DA:5066,1
DA:5067,1
DA:5069,2
DA:5070,0
DA:5071,1
DA:5074,1
DA:5077,14
DA:5101,19
DA:5102,19
DA:5103,1
DA:5104,1
DA:5105,1
DA:5106,1
DA:5107,3
DA:5108,1
DA:5109,3
DA:5110,1
DA:5111,1
DA:5112,1
DA:5113,1
DA:5114,4
DA:5116,19
DA:5117,3
DA:5118,1
DA:5119,3
DA:5120,1
DA:5121,9
DA:5122,0
DA:5125,11
DA:5127,19
DA:5149,8
DA:5150,8
DA:5151,1
DA:5152,1
DA:5154,1
DA:5155,1
DA:5157,4
DA:5158,4
DA:5160,1
DA:5161,1
DA:5162,1
DA:5164,1
DA:5167,1
DA:5168,1
DA:5169,1
DA:5171,1
DA:5188,45
DA:5189,45
DA:5207,45
DA:5208,45
DA:5209,44
DA:5210,1
DA:5227,1563
DA:5228,1563
DA:5229,16
DA:5230,74
DA:5231,1473
DA:5237,325
DA:5238,325
DA:5239,313
DA:5240,5
DA:5241,7
DA:5260,9
DA:5261,9
DA:5262,2
DA:5263,5
DA:5264,2
DA:5282,325
DA:5283,325
DA:5285,9
DA:5286,9
DA:5287,9
DA:5288,9
DA:5289,316
DA:5303,2
DA:5304,2
DA:5305,1
DA:5306,1
DA:5354,292
DA:5355,292
DA:5357,292
DA:5358,6
DA:5359,6
DA:5361,6
DA:5365,304
DA:5366,0
DA:5369,296
DA:5370,0
DA:5373,338
DA:5374,0
DA:5377,292
DA:5398,584
DA:5399,584
DA:5400,303
DA:5401,4
DA:5402,277
DA:5421,277
DA:5422,287
DA:5423,0
DA:5425,277
DA:5426,277
DA:5427,29
DA:5429,277
DA:5472,38
DA:5473,38
DA:5474,6
DA:5475,6
DA:5477,17
DA:5478,17
DA:5480,7
DA:5481,4
DA:5482,2
DA:5483,2
DA:5499,10
DA:5500,10
DA:5501,9
DA:5502,1
DA:5517,3
DA:5518,3
DA:5519,1
DA:5520,1
DA:5521,1
DA:5541,6
DA:5543,6
DA:5544,4
DA:5545,0
DA:5546,1
DA:5547,1
DA:5548,0
DA:5549,0
DA:5550,0
DA:5571,4
DA:5572,4
DA:5573,4
DA:5574,1
DA:5575,3
DA:5576,3
DA:5577,6
DA:5578,0
DA:5580,3
DA:5581,2
DA:5583,1
DA:5585,3
DA:5598,2
DA:5599,2
DA:5612,2
DA:5613,2
DA:5614,1
DA:5615,1
DA:5635,22
DA:5636,22
DA:5637,4
DA:5638,1
DA:5639,1
DA:5640,2
DA:5641,1
DA:5642,2
DA:5643,7
DA:5644,4
DA:5659,3
DA:5660,3
DA:5662,1
DA:5663,1
DA:5665,1
DA:5702,3
DA:5703,3
DA:5704,3
DA:5721,3
DA:5723,3
DA:5724,1
DA:5725,1
DA:5726,0
DA:5727,1
DA:5728,0
DA:5729,0
DA:5743,2
DA:5745,2
DA:5746,1
DA:5747,1
DA:5762,33
DA:5764,33
DA:5765,12
DA:5766,15
DA:5767,6
DA:5805,3
DA:5806,3
DA:5807,3
DA:5808,1
DA:5809,1
DA:5810,1
DA:5825,3
DA:5826,3
DA:5828,1
DA:5830,1
DA:5831,1
DA:5832,1
DA:5834,1
DA:5837,1
DA:5838,1
DA:5883,60
DA:5884,60
DA:5885,3
DA:5886,1
DA:5887,1
DA:5889,54
DA:5890,54
DA:5893,2
DA:5894,2
DA:5895,2
DA:5897,3
DA:5898,1
DA:5899,0
DA:5900,1
DA:5924,2
DA:5925,2
DA:5938,2
DA:5939,1
DA:5940,0
DA:5941,1
DA:5942,0
DA:5943,1
DA:5957,16
DA:5959,16
DA:5960,8
DA:5961,8
DA:5975,8
DA:5977,8
DA:5978,4
DA:5979,4
DA:5995,8
DA:5997,8
DA:5998,1
DA:5999,1
DA:6000,1
DA:6001,5
DA:6019,6
DA:6021,6
DA:6022,2
DA:6023,2
DA:6024,2
DA:6039,16
DA:6041,16
DA:6042,9
DA:6043,0
DA:6044,7
DA:6065,0
DA:6067,0
DA:6068,0
DA:6069,0
DA:6070,0
DA:6071,0
DA:6072,0
DA:6092,3
DA:6094,3
DA:6095,1
DA:6096,1
DA:6097,1
DA:6133,12
DA:6135,12
DA:6136,0
DA:6137,1
DA:6138,10
DA:6139,1
DA:6140,1
DA:6142,1
DA:6189,1
DA:6191,1
DA:6192,0
DA:6193,0
DA:6194,0
DA:6195,1
DA:6196,0
DA:6197,0
DA:6198,0
DA:6199,0
DA:6200,0
DA:6201,0
DA:6202,0
DA:6203,0
DA:6205,0
DA:6206,0
DA:6229,14
DA:6231,14
DA:6232,2
DA:6233,6
DA:6234,2
DA:6235,4
DA:6260,10
DA:6262,10
DA:6263,4
DA:6264,2
DA:6265,2
DA:6266,1
DA:6267,1
DA:6268,1
DA:6301,89
DA:6302,89
DA:6303,19
DA:6304,35
DA:6305,22
DA:6306,13
DA:6337,13
DA:6338,13
DA:6339,9
DA:6340,9
DA:6343,4
DA:6376,13
DA:6377,13
DA:6378,9
DA:6380,13
DA:6416,23
DA:6417,23
DA:6418,13
DA:6419,13
DA:6421,5
DA:6422,5
DA:6425,5
DA:6449,23
DA:6450,23
DA:6451,23
DA:6452,23
DA:6453,23
DA:6454,23
DA:6456,23
DA:6457,32
DA:6458,0
DA:6460,23
DA:6475,4
DA:6476,4
DA:6477,1
DA:6478,1
DA:6479,1
DA:6480,1
DA:6505,11
DA:6506,11
DA:6507,1
DA:6508,1
DA:6509,1
DA:6510,1
DA:6511,0
DA:6512,0
DA:6513,0
DA:6514,1
DA:6515,1
DA:6516,1
DA:6517,0
DA:6518,0
DA:6519,4
DA:6533,2
DA:6534,2
DA:6535,1
DA:6536,1
DA:6555,6
DA:6556,6
DA:6558,2
DA:6561,2
DA:6564,2
DA:6579,0
DA:6580,0
DA:6581,0
DA:6582,0
DA:6597,13
DA:6598,13
DA:6599,19
DA:6600,0
DA:6602,13
DA:6619,2
DA:6629,7
DA:6632,7
DA:6640,45
DA:6641,55
DA:6642,0
DA:6644,88
DA:6645,0
DA:6647,45
DA:6648,55
DA:6649,0
DA:6651,45
DA:6666,10
DA:6667,10
DA:6668,10
DA:6669,0
DA:6670,0
DA:6686,5
DA:6687,5
DA:6688,3
DA:6689,2
DA:6690,0
DA:6706,3
DA:6707,3
DA:6708,1
DA:6709,1
DA:6710,1
DA:6726,5
DA:6727,5
DA:6728,2
DA:6729,2
DA:6730,1
DA:6747,2
DA:6748,2
DA:6750,1
DA:6753,1
DA:6815,1
DA:6816,1
DA:6817,1
DA:6818,1
DA:6819,0
DA:6820,0
DA:6839,5
DA:6841,5
DA:6848,6
DA:6849,6
DA:6850,7
DA:6851,0
DA:6853,6
DA:6866,0
DA:6867,0
DA:6868,0
DA:6869,0
DA:6871,0
DA:6891,44
DA:6892,44
DA:6893,16
DA:6894,16
DA:6896,14
DA:6897,14
DA:6899,14
DA:6900,14
DA:6924,5
DA:6925,5
DA:6927,2
DA:6930,1
DA:6933,1
DA:6936,1
DA:6940,5
DA:6954,8
DA:6955,8
DA:6956,8
DA:6957,8
DA:6958,8
DA:6959,8
DA:6961,8
DA:6962,12
DA:6963,0
DA:6965,8
DA:6966,8
DA:6979,8
DA:6980,8
DA:6981,4
DA:6982,4
DA:6983,4
DA:6984,1
DA:6987,4
DA:6988,4
DA:6989,1
DA:6991,4
DA:6995,8
DA:7008,2
DA:7009,2
DA:7010,1
DA:7012,2
DA:7027,16
DA:7028,16
DA:7029,8
DA:7030,8
DA:7031,8
DA:7032,8
DA:7050,10
DA:7051,10
DA:7053,11
DA:7054,0
DA:7057,10
DA:7074,2
DA:7080,3
DA:7081,3
DA:7082,3
DA:7084,3
DA:7085,3
DA:7102,8
DA:7108,2
DA:7109,2
DA:7129,3
DA:7130,3
DA:7131,1
DA:7132,2
DA:7133,3
DA:7166,3
DA:7167,3
DA:7168,2
DA:7169,2
DA:7171,1
DA:7172,1
DA:7210,16
DA:7211,31
DA:7214,1
LF:2159
LH:1934
end_of_record
TN:
SF:/Users/r/Desktop/lakesail/sqlparser-rs/src/ast/operator.rs
FN:57,<impl Display for UnaryOperator>::fmt
FN:251,<impl Display for BinaryOperator>::fmt
FNF:2
FNDA:43,<impl Display for UnaryOperator>::fmt
FNDA:455,<impl Display for BinaryOperator>::fmt
DA:57,43
DA:58,43
DA:59,10
DA:60,21
DA:61,6
DA:62,1
DA:63,1
DA:64,1
DA:65,1
DA:66,1
DA:67,1
DA:251,455
DA:252,455
DA:253,57
DA:254,14
DA:255,23
DA:256,5
DA:257,7
DA:258,3
DA:259,25
DA:260,9
DA:261,5
DA:262,1
DA:263,1
DA:264,143
DA:265,10
DA:266,9
DA:267,5
DA:268,5
DA:269,1
DA:270,2
DA:271,1
DA:272,1
DA:273,1
DA:274,75
DA:275,2
DA:276,2
DA:277,2
DA:278,2
DA:279,2
DA:280,1
DA:281,1
DA:282,1
DA:283,1
DA:284,1
DA:285,1
DA:286,1
DA:287,1
DA:288,2
DA:289,8
DA:290,4
DA:291,2
DA:292,2
DA:293,2
DA:294,2
DA:295,2
DA:296,2
DA:297,2
DA:298,1
DA:299,1
DA:300,1
DA:301,3
DA:302,3
LF:63
LH:63
end_of_record
TN:
SF:/Users/r/Desktop/lakesail/sqlparser-rs/src/ast/query.rs
FN:70,<impl Display for Query>::fmt
FN:121,<impl Display for ProjectionSelect>::fmt
FN:160,SetExpr::as_select
FN:170,<impl Display for SetExpr>::fmt
FN:210,<impl Display for SetOperator>::fmt
FN:235,<impl Display for SetQuantifier>::fmt
FN:257,<impl Display for Table>::fmt
FN:323,<impl Display for Select>::fmt
FN:422,<impl Display for LateralView>::fmt
FN:470,<impl Display for NamedWindowExpr>::fmt
FN:489,<impl Display for NamedWindowDefinition>::fmt
FN:503,<impl Display for With>::fmt
FN:524,<impl Display for CteAsMaterialized>::fmt
FN:552,<impl Display for Cte>::fmt
FN:594,<impl Display for IdentWithAlias>::fmt
FN:622,<impl Display for WildcardAdditionalOptions>::fmt
FN:656,<impl Display for IlikeSelectItem>::fmt
FN:692,<impl Display for ExcludeSelectItem>::fmt
FN:733,<impl Display for RenameSelectItem>::fmt
FN:764,<impl Display for ExceptSelectItem>::fmt
FN:795,<impl Display for ReplaceSelectItem>::fmt
FN:816,<impl Display for ReplaceSelectElement>::fmt
FN:826,<impl Display for SelectItem>::fmt
FN:853,<impl Display for TableWithJoins>::fmt
FN:876,<impl Display for ConnectBy>::fmt
FN:895,<impl Display for Setting>::fmt
FN:915,<impl Display for ExprWithAlias>::fmt
FN:1110,<impl Display for PivotValueSource>::fmt
FN:1137,<impl Display for Measure>::fmt
FN:1156,<impl Display for RowsPerMatch>::fmt
FN:1188,<impl Display for AfterMatchSkip>::fmt
FN:1212,<impl Display for EmptyMatchesMode>::fmt
FN:1233,<impl Display for SymbolDefinition>::fmt
FN:1252,<impl Display for MatchRecognizeSymbol>::fmt
FN:1285,<impl Display for MatchRecognizePattern>::fmt
FN:1322,<impl Display for RepetitionQuantifier>::fmt
FN:1337,<impl Display for TableFactor>::fmt
FN:1554,<impl Display for TableAlias>::fmt
FN:1571,<impl Display for TableVersion>::fmt
FN:1591,<impl Display for Join>::fmt
FN:1592,<impl Display for Join>::fmt::prefix
FN:1598,<impl Display for Join>::fmt::suffix
FN:1601,<impl Display for Join>::fmt::suffix::<impl Display for Suffix<'a>>::fmt
FN:1744,<impl Display for OrderBy>::fmt
FN:1775,<impl Display for OrderByExpr>::fmt
FN:1808,<impl Display for WithFill>::fmt
FN:1843,<impl Display for InterpolateExpr>::fmt
FN:1861,<impl Display for Offset>::fmt
FN:1878,<impl Display for OffsetRows>::fmt
FN:1897,<impl Display for Fetch>::fmt
FN:1918,<impl Display for LockClause>::fmt
FN:1939,<impl Display for LockType>::fmt
FN:1957,<impl Display for NonBlock>::fmt
FN:1978,<impl Display for Distinct>::fmt
FN:2012,<impl Display for Top>::fmt
FN:2039,<impl Display for Values>::fmt
FN:2063,<impl Display for SelectInto>::fmt
FN:2086,<impl Display for GroupByWithModifier>::fmt
FN:2115,<impl Display for GroupByExpr>::fmt
FN:2148,<impl Display for FormatClause>::fmt
FN:2179,<impl Display for ForClause>::fmt
FN:2239,<impl Display for ForXml>::fmt
FN:2270,<impl Display for ForJson>::fmt
FN:2307,<impl Display for JsonTableColumn>::fmt
FN:2338,<impl Display for JsonTableColumnErrorHandling>::fmt
FN:2362,<impl Display for ValueTableMode>::fmt
FNF:66
FNDA:1170,<impl Display for Query>::fmt
FNDA:4,<impl Display for ProjectionSelect>::fmt
FNDA:23,SetExpr::as_select
FNDA:1258,<impl Display for SetExpr>::fmt
FNDA:44,<impl Display for SetOperator>::fmt
FNDA:44,<impl Display for SetQuantifier>::fmt
FNDA:2,<impl Display for Table>::fmt
FNDA:1151,<impl Display for Select>::fmt
FNDA:2,<impl Display for LateralView>::fmt
FNDA:21,<impl Display for NamedWindowExpr>::fmt
FNDA:21,<impl Display for NamedWindowDefinition>::fmt
FNDA:20,<impl Display for With>::fmt
FNDA:2,<impl Display for CteAsMaterialized>::fmt
FNDA:26,<impl Display for Cte>::fmt
FNDA:5,<impl Display for IdentWithAlias>::fmt
FNDA:290,<impl Display for WildcardAdditionalOptions>::fmt
FNDA:1,<impl Display for IlikeSelectItem>::fmt
FNDA:7,<impl Display for ExcludeSelectItem>::fmt
FNDA:4,<impl Display for RenameSelectItem>::fmt
FNDA:4,<impl Display for ExceptSelectItem>::fmt
FNDA:4,<impl Display for ReplaceSelectItem>::fmt
FNDA:5,<impl Display for ReplaceSelectElement>::fmt
FNDA:1469,<impl Display for SelectItem>::fmt
FNDA:774,<impl Display for TableWithJoins>::fmt
FNDA:3,<impl Display for ConnectBy>::fmt
FNDA:6,<impl Display for Setting>::fmt
FNDA:59,<impl Display for ExprWithAlias>::fmt
FNDA:14,<impl Display for PivotValueSource>::fmt
FNDA:9,<impl Display for Measure>::fmt
FNDA:3,<impl Display for RowsPerMatch>::fmt
FNDA:1,<impl Display for AfterMatchSkip>::fmt
FNDA:0,<impl Display for EmptyMatchesMode>::fmt
FNDA:18,<impl Display for SymbolDefinition>::fmt
FNDA:40,<impl Display for MatchRecognizeSymbol>::fmt
FNDA:72,<impl Display for MatchRecognizePattern>::fmt
FNDA:19,<impl Display for RepetitionQuantifier>::fmt
FNDA:909,<impl Display for TableFactor>::fmt
FNDA:148,<impl Display for TableAlias>::fmt
FNDA:2,<impl Display for TableVersion>::fmt
FNDA:87,<impl Display for Join>::fmt
FNDA:76,<impl Display for Join>::fmt::prefix
FNDA:81,<impl Display for Join>::fmt::suffix
FNDA:81,<impl Display for Join>::fmt::suffix::<impl Display for Suffix<'a>>::fmt
FNDA:52,<impl Display for OrderBy>::fmt
FNDA:170,<impl Display for OrderByExpr>::fmt
FNDA:6,<impl Display for WithFill>::fmt
FNDA:4,<impl Display for InterpolateExpr>::fmt
FNDA:18,<impl Display for Offset>::fmt
FNDA:18,<impl Display for OffsetRows>::fmt
FNDA:17,<impl Display for Fetch>::fmt
FNDA:8,<impl Display for LockClause>::fmt
FNDA:8,<impl Display for LockType>::fmt
FNDA:2,<impl Display for NonBlock>::fmt
FNDA:12,<impl Display for Distinct>::fmt
FNDA:6,<impl Display for Top>::fmt
FNDA:51,<impl Display for Values>::fmt
FNDA:3,<impl Display for SelectInto>::fmt
FNDA:15,<impl Display for GroupByWithModifier>::fmt
FNDA:30,<impl Display for GroupByExpr>::fmt
FNDA:3,<impl Display for FormatClause>::fmt
FNDA:13,<impl Display for ForClause>::fmt
FNDA:7,<impl Display for ForXml>::fmt
FNDA:5,<impl Display for ForJson>::fmt
FNDA:11,<impl Display for JsonTableColumn>::fmt
FNDA:6,<impl Display for JsonTableColumnErrorHandling>::fmt
FNDA:4,<impl Display for ValueTableMode>::fmt
DA:70,1170
DA:71,1190
DA:72,0
DA:74,1170
DA:75,1219
DA:76,0
DA:78,1194
DA:79,0
DA:81,1188
DA:82,0
DA:84,1170
DA:85,2
DA:87,1171
DA:88,0
DA:90,1187
DA:91,0
DA:93,1170
DA:94,7
DA:96,1183
DA:97,0
DA:99,1173
DA:100,0
DA:102,1170
DA:121,4
DA:122,4
DA:123,7
DA:124,0
DA:126,7
DA:127,0
DA:129,4
DA:160,23
DA:161,46
DA:164,0
DA:170,1258
DA:171,1258
DA:172,1146
DA:173,19
DA:174,42
DA:175,4
DA:176,1
DA:177,2
DA:179,44
DA:180,44
DA:181,44
DA:182,44
DA:183,44
DA:184,44
DA:185,44
DA:190,24
DA:191,20
DA:193,44
DA:194,44
DA:210,44
DA:211,44
DA:212,24
DA:213,12
DA:214,8
DA:235,44
DA:236,44
DA:237,9
DA:238,6
DA:239,3
DA:240,3
DA:241,3
DA:242,20
DA:257,2
DA:258,3
DA:266,1
DA:268,2
DA:323,1151
DA:324,1151
DA:326,1155
DA:327,0
DA:330,1163
DA:331,0
DA:333,1157
DA:334,0
DA:336,1151
DA:338,1154
DA:339,0
DA:342,1151
DA:343,706
DA:345,1151
DA:346,5
DA:347,0
DA:350,1153
DA:351,0
DA:353,1271
DA:354,0
DA:356,1151
DA:357,6
DA:358,1145
DA:359,1145
DA:360,21
DA:364,1151
DA:365,1
DA:366,1
DA:368,1
DA:371,1151
DA:372,1
DA:373,1
DA:375,1
DA:378,1151
DA:379,1
DA:381,1153
DA:382,0
DA:384,1151
DA:385,7
DA:386,7
DA:388,8
DA:389,0
DA:392,1147
DA:393,0
DA:395,1144
DA:396,1
DA:399,1154
DA:400,0
DA:402,1151
DA:422,2
DA:423,2
DA:424,2
DA:426,2
DA:427,2
DA:428,4
DA:430,2
DA:431,2
DA:432,2
DA:434,2
DA:437,2
DA:470,21
DA:471,21
DA:472,1
DA:473,1
DA:475,20
DA:476,20
DA:479,21
DA:489,21
DA:490,21
DA:503,20
DA:504,20
DA:505,20
DA:507,40
DA:508,20
DA:524,2
DA:525,2
DA:527,1
DA:530,1
DA:533,2
DA:552,26
DA:553,26
DA:554,24
DA:555,2
DA:557,28
DA:558,0
DA:560,26
DA:594,5
DA:595,5
DA:622,290
DA:623,291
DA:624,0
DA:626,297
DA:627,0
DA:629,294
DA:630,0
DA:632,294
DA:633,0
DA:635,294
DA:636,0
DA:638,290
DA:656,1
DA:657,1
DA:658,1
DA:660,1
DA:662,1
DA:692,7
DA:693,7
DA:694,7
DA:695,3
DA:696,3
DA:698,4
DA:699,4
DA:702,7
DA:733,4
DA:734,4
DA:735,4
DA:736,2
DA:737,2
DA:739,2
DA:740,2
DA:743,4
DA:764,4
DA:765,4
DA:766,4
DA:767,3
DA:769,1
DA:770,1
DA:772,1
DA:773,1
DA:776,4
DA:795,4
DA:796,4
DA:797,4
DA:798,4
DA:816,5
DA:817,5
DA:818,5
DA:820,0
DA:826,1469
DA:827,1469
DA:828,1041
DA:829,138
DA:830,6
DA:831,6
DA:832,6
DA:833,6
DA:835,284
DA:836,284
DA:837,284
DA:838,284
DA:853,774
DA:854,774
DA:855,948
DA:856,0
DA:858,774
DA:876,3
DA:877,3
DA:878,3
DA:880,3
DA:881,3
DA:895,6
DA:896,6
DA:915,59
DA:916,59
DA:917,59
DA:918,71
DA:919,0
DA:921,59
DA:1110,14
DA:1111,14
DA:1112,11
DA:1113,2
DA:1114,2
DA:1115,2
DA:1116,1
DA:1118,2
DA:1120,1
DA:1137,9
DA:1138,9
DA:1156,3
DA:1157,3
DA:1158,1
DA:1159,2
DA:1160,2
DA:1161,2
DA:1162,0
DA:1164,2
DA:1188,1
DA:1189,1
DA:1190,1
DA:1191,0
DA:1192,0
DA:1193,0
DA:1194,1
DA:1212,0
DA:1213,0
DA:1214,0
DA:1215,0
DA:1216,0
DA:1233,18
DA:1234,18
DA:1252,40
DA:1253,40
DA:1254,36
DA:1255,2
DA:1256,2
DA:1285,72
DA:1287,72
DA:1288,32
DA:1289,3
DA:1290,2
DA:1291,10
DA:1292,3
DA:1293,3
DA:1294,19
DA:1322,19
DA:1324,19
DA:1325,3
DA:1326,7
DA:1327,3
DA:1328,1
DA:1329,2
DA:1330,1
DA:1331,2
DA:1337,909
DA:1338,909
DA:1340,792
DA:1341,792
DA:1342,792
DA:1343,792
DA:1344,792
DA:1345,792
DA:1346,792
DA:1347,792
DA:1348,792
DA:1349,792
DA:1350,0
DA:1352,800
DA:1353,0
DA:1354,8
DA:1355,10
DA:1357,1
DA:1359,2
DA:1361,8
DA:1363,792
DA:1364,1
DA:1366,860
DA:1367,0
DA:1369,792
DA:1370,1
DA:1372,794
DA:1373,0
DA:1375,792
DA:1378,34
DA:1379,34
DA:1380,34
DA:1381,34
DA:1382,34
DA:1383,1
DA:1385,34
DA:1386,51
DA:1387,0
DA:1389,34
DA:1392,2
DA:1393,2
DA:1394,2
DA:1395,2
DA:1396,2
DA:1397,2
DA:1398,2
DA:1400,2
DA:1401,2
DA:1402,3
DA:1403,0
DA:1405,2
DA:1407,2
DA:1408,2
DA:1409,4
DA:1410,0
DA:1412,2
DA:1415,9
DA:1416,9
DA:1417,9
DA:1418,9
DA:1419,9
DA:1420,9
DA:1421,9
DA:1423,9
DA:1424,1
DA:1427,14
DA:1428,0
DA:1430,9
DA:1431,2
DA:1433,9
DA:1434,0
DA:1436,9
DA:1439,10
DA:1440,10
DA:1441,10
DA:1442,10
DA:1443,10
DA:1444,10
DA:1445,10
DA:1447,10
DA:1449,20
DA:1450,0
DA:1452,10
DA:1455,22
DA:1456,22
DA:1457,22
DA:1458,22
DA:1459,24
DA:1460,0
DA:1462,22
DA:1465,14
DA:1466,14
DA:1467,14
DA:1468,14
DA:1469,14
DA:1470,14
DA:1471,14
DA:1472,14
DA:1473,14
DA:1475,14
DA:1476,14
DA:1478,15
DA:1479,0
DA:1481,14
DA:1482,14
DA:1483,10
DA:1485,14
DA:1488,9
DA:1489,9
DA:1490,9
DA:1491,9
DA:1492,9
DA:1493,9
DA:1494,9
DA:1495,9
DA:1497,9
DA:1498,9
DA:1499,9
DA:1500,9
DA:1502,9
DA:1503,6
DA:1505,9
DA:1508,15
DA:1509,15
DA:1510,15
DA:1511,15
DA:1512,15
DA:1513,15
DA:1514,15
DA:1515,15
DA:1516,15
DA:1517,15
DA:1518,15
DA:1519,15
DA:1520,3
DA:1522,15
DA:1523,3
DA:1525,15
DA:1526,3
DA:1528,18
DA:1529,0
DA:1531,16
DA:1532,0
DA:1534,15
DA:1535,15
DA:1536,15
DA:1537,0
DA:1539,15
DA:1554,148
DA:1555,148
DA:1556,148
DA:1557,20
DA:1559,148
DA:1571,2
DA:1572,2
DA:1573,2
DA:1575,2
DA:1591,87
DA:1592,76
DA:1593,76
DA:1594,31
DA:1595,45
DA:1598,81
DA:1601,81
DA:1602,81
DA:1603,31
DA:1604,16
DA:1605,16
DA:1607,34
DA:1611,81
DA:1613,87
DA:1614,1
DA:1617,87
DA:1618,51
DA:1619,51
DA:1621,51
DA:1622,51
DA:1623,51
DA:1625,8
DA:1626,8
DA:1628,8
DA:1629,8
DA:1630,8
DA:1632,4
DA:1633,4
DA:1635,4
DA:1636,4
DA:1637,4
DA:1639,5
DA:1640,5
DA:1642,5
DA:1643,5
DA:1644,5
DA:1646,3
DA:1647,2
DA:1648,2
DA:1650,2
DA:1651,2
DA:1652,2
DA:1654,2
DA:1655,2
DA:1657,2
DA:1658,2
DA:1659,2
DA:1661,2
DA:1662,2
DA:1664,2
DA:1665,2
DA:1666,2
DA:1668,2
DA:1669,2
DA:1671,2
DA:1672,2
DA:1673,2
DA:1675,1
DA:1676,2
DA:1678,5
DA:1679,5
DA:1680,5
DA:1681,5
DA:1683,5
DA:1684,5
DA:1744,52
DA:1745,52
DA:1746,52
DA:1747,52
DA:1749,56
DA:1751,3
DA:1752,1
DA:1755,52
DA:1775,170
DA:1776,170
DA:1777,170
DA:1778,12
DA:1779,21
DA:1780,137
DA:1782,170
DA:1783,3
DA:1784,6
DA:1785,161
DA:1787,176
DA:1788,0
DA:1790,170
DA:1808,6
DA:1809,6
DA:1810,9
DA:1811,0
DA:1813,9
DA:1814,0
DA:1816,9
DA:1817,0
DA:1819,6
DA:1843,4
DA:1844,4
DA:1845,8
DA:1846,0
DA:1848,4
DA:1861,18
DA:1862,18
DA:1878,18
DA:1879,18
DA:1880,7
DA:1881,1
DA:1882,10
DA:1897,17
DA:1898,51
DA:1899,31
DA:1900,28
DA:1903,3
DA:1918,8
DA:1919,8
DA:1920,14
DA:1921,0
DA:1923,10
DA:1924,0
DA:1926,8
DA:1939,8
DA:1940,16
DA:1941,4
DA:1942,4
DA:1944,8
DA:1957,2
DA:1958,4
DA:1959,1
DA:1960,1
DA:1962,2
DA:1978,12
DA:1979,12
DA:1980,6
DA:1981,6
DA:1982,6
DA:1983,6
DA:2012,6
DA:2013,18
DA:2014,12
DA:2015,6
DA:2017,4
DA:2018,2
DA:2019,2
DA:2023,0
DA:2039,51
DA:2040,51
DA:2041,102
DA:2043,197
DA:2044,0
DA:2045,73
DA:2046,73
DA:2048,51
DA:2063,3
DA:2064,9
DA:2065,9
DA:2066,9
DA:2068,3
DA:2086,15
DA:2087,15
DA:2088,6
DA:2089,6
DA:2090,3
DA:2115,30
DA:2116,30
DA:2117,6
DA:2118,6
DA:2119,6
DA:2120,4
DA:2122,6
DA:2124,24
DA:2125,24
DA:2126,24
DA:2127,24
DA:2128,8
DA:2130,24
DA:2148,3
DA:2149,3
DA:2150,2
DA:2151,1
DA:2179,13
DA:2180,13
DA:2181,1
DA:2183,5
DA:2184,5
DA:2185,5
DA:2186,5
DA:2187,5
DA:2188,5
DA:2189,5
DA:2190,7
DA:2191,0
DA:2193,5
DA:2194,1
DA:2196,5
DA:2197,1
DA:2199,5
DA:2202,7
DA:2203,7
DA:2204,7
DA:2205,7
DA:2206,7
DA:2207,7
DA:2208,7
DA:2209,7
DA:2210,7
DA:2211,1
DA:2213,7
DA:2214,1
DA:2216,8
DA:2217,0
DA:2219,7
DA:2220,4
DA:2222,7
DA:2239,7
DA:2240,7
DA:2241,1
DA:2242,1
DA:2243,2
DA:2244,0
DA:2246,1
DA:2248,4
DA:2249,1
DA:2250,1
DA:2251,1
DA:2252,2
DA:2253,0
DA:2255,1
DA:2270,5
DA:2271,5
DA:2272,2
DA:2273,3
DA:2307,11
DA:2308,11
DA:2309,11
DA:2311,11
DA:2312,11
DA:2313,22
DA:2316,14
DA:2317,0
DA:2319,14
DA:2320,0
DA:2322,11
DA:2338,6
DA:2339,6
DA:2340,1
DA:2341,2
DA:2342,2
DA:2344,3
DA:2362,4
DA:2363,4
DA:2364,1
DA:2365,3
LF:701
LH:631
end_of_record
TN:
SF:/Users/r/Desktop/lakesail/sqlparser-rs/src/ast/trigger.rs
FN:31,<impl Display for TriggerObject>::fmt
FN:49,<impl Display for TriggerReferencingType>::fmt
FN:68,<impl Display for TriggerReferencing>::fmt
FN:91,<impl Display for TriggerEvent>::fmt
FN:119,<impl Display for TriggerPeriod>::fmt
FN:138,<impl Display for TriggerExecBodyType>::fmt
FN:155,<impl Display for TriggerExecBody>::fmt
FNF:7
FNDA:5,<impl Display for TriggerObject>::fmt
FNDA:2,<impl Display for TriggerReferencingType>::fmt
FNDA:2,<impl Display for TriggerReferencing>::fmt
FNDA:7,<impl Display for TriggerEvent>::fmt
FNDA:5,<impl Display for TriggerPeriod>::fmt
FNDA:5,<impl Display for TriggerExecBodyType>::fmt
FNDA:5,<impl Display for TriggerExecBody>::fmt
DA:31,5
DA:32,5
DA:33,5
DA:34,0
DA:49,2
DA:50,2
DA:51,1
DA:52,1
DA:68,2
DA:69,2
DA:70,2
DA:72,2
DA:73,4
DA:91,7
DA:92,7
DA:93,3
DA:94,2
DA:95,2
DA:96,2
DA:97,0
DA:98,0
DA:100,2
DA:102,2
DA:103,0
DA:119,5
DA:120,5
DA:121,1
DA:122,3
DA:123,1
DA:138,5
DA:139,5
DA:140,5
DA:141,0
DA:155,5
DA:156,5
DA:157,5
DA:159,5
DA:160,5
LF:38
LH:33
end_of_record
TN:
SF:/Users/r/Desktop/lakesail/sqlparser-rs/src/ast/value.rs
FN:101,<impl Display for Value>::fmt
FN:141,<impl Display for DollarQuotedString>::fmt
FN:217,<impl Display for DateTimeField>::fmt
FN:279,<impl Display for EscapeQuotedString<'a>>::fmt
FN:328,escape_quoted_string
FN:332,escape_single_quote_string
FN:336,escape_double_quote_string
FN:343,<impl Display for EscapeEscapedStringLiteral<'a>>::fmt
FN:370,escape_escaped_string
FN:377,<impl Display for EscapeUnicodeStringLiteral<'a>>::fmt
FN:405,escape_unicode_string
FN:419,<impl Display for TrimWhereField>::fmt
FNF:12
FNDA:1633,<impl Display for Value>::fmt
FNDA:7,<impl Display for DollarQuotedString>::fmt
FNDA:98,<impl Display for DateTimeField>::fmt
FNDA:1006,<impl Display for EscapeQuotedString<'a>>::fmt
FNDA:1006,escape_quoted_string
FNDA:548,escape_single_quote_string
FNDA:40,escape_double_quote_string
FNDA:7,<impl Display for EscapeEscapedStringLiteral<'a>>::fmt
FNDA:7,escape_escaped_string
FNDA:4,<impl Display for EscapeUnicodeStringLiteral<'a>>::fmt
FNDA:4,escape_unicode_string
FNDA:4,<impl Display for TrimWhereField>::fmt
DA:101,1633
DA:102,1633
DA:103,974
DA:104,38
DA:105,483
DA:106,3
DA:107,3
DA:109,3
DA:110,3
DA:112,1
DA:113,7
DA:114,4
DA:115,3
DA:116,5
DA:117,54
DA:118,6
DA:119,3
DA:120,2
DA:121,2
DA:122,3
DA:123,3
DA:124,2
DA:125,2
DA:126,7
DA:127,28
DA:141,7
DA:142,7
DA:143,2
DA:144,2
DA:147,5
DA:217,98
DA:218,98
DA:219,6
DA:220,0
DA:221,6
DA:222,0
DA:223,2
DA:224,2
DA:225,3
DA:226,0
DA:228,2
DA:230,0
DA:231,15
DA:232,0
DA:233,1
DA:234,1
DA:235,1
DA:236,1
DA:237,14
DA:238,0
DA:239,10
DA:240,0
DA:241,10
DA:242,0
DA:243,1
DA:244,1
DA:245,1
DA:246,1
DA:247,1
DA:248,1
DA:249,1
DA:250,1
DA:251,1
DA:252,2
DA:253,1
DA:254,1
DA:255,1
DA:256,4
DA:257,1
DA:258,1
DA:259,0
DA:260,1
DA:261,1
DA:262,1
DA:263,1
DA:264,1
DA:265,1
DA:266,1
DA:267,0
DA:268,4
DA:279,1006
DA:298,1006
DA:299,1006
DA:300,1006
DA:301,15958
DA:302,0
DA:303,23
DA:304,0
DA:305,8
DA:306,8
DA:307,8
DA:309,15
DA:310,43
DA:311,6
DA:312,6
DA:314,9
DA:317,0
DA:318,7453
DA:319,7453
DA:322,7468
DA:324,1006
DA:328,1006
DA:332,548
DA:333,548
DA:336,40
DA:337,40
DA:343,7
DA:344,46
DA:345,39
DA:346,0
DA:347,1
DA:349,0
DA:350,5
DA:352,0
DA:353,3
DA:355,0
DA:356,0
DA:358,0
DA:359,0
DA:361,0
DA:362,30
DA:366,7
DA:370,7
DA:371,7
DA:377,4
DA:378,11
DA:379,5
DA:380,0
DA:381,1
DA:383,0
DA:384,1
DA:386,5
DA:387,0
DA:389,0
DA:390,5
DA:393,5
DA:394,4
DA:396,1
DA:401,4
DA:405,4
DA:406,4
DA:419,4
DA:421,4
DA:422,1
DA:423,2
DA:424,1
LF:146
LH:121
end_of_record
TN:
SF:/Users/r/Desktop/lakesail/sqlparser-rs/src/ast/visitor.rs
FN:54,<impl Visit for Option<T>>::visit
FN:63,<impl Visit for Vec<T>>::visit
FN:72,<impl Visit for Box<T>>::visit
FN:78,<impl VisitMut for Option<T>>::visit
FN:87,<impl VisitMut for Vec<T>>::visit
FN:96,<impl VisitMut for Box<T>>::visit
FN:188,Visitor::pre_visit_query
FN:193,Visitor::post_visit_query
FN:198,Visitor::pre_visit_relation
FN:203,Visitor::post_visit_relation
FN:208,Visitor::pre_visit_table_factor
FN:213,Visitor::post_visit_table_factor
FN:218,Visitor::pre_visit_expr
FN:223,Visitor::post_visit_expr
FN:228,Visitor::pre_visit_statement
FN:233,Visitor::post_visit_statement
FN:286,VisitorMut::pre_visit_query
FN:291,VisitorMut::post_visit_query
FN:296,VisitorMut::pre_visit_relation
FN:301,VisitorMut::post_visit_relation
FN:310,VisitorMut::pre_visit_table_factor
FN:318,VisitorMut::post_visit_table_factor
FN:322,VisitorMut::pre_visit_expr
FN:327,VisitorMut::post_visit_expr
FN:332,VisitorMut::pre_visit_statement
FN:337,VisitorMut::post_visit_statement
FN:347,<impl Visitor for RelationVisitor<F>>::pre_visit_relation
FN:355,<impl VisitorMut for RelationVisitor<F>>::post_visit_relation
FN:392,visit_relations
FN:425,visit_relations_mut
FN:435,<impl Visitor for ExprVisitor<F>>::pre_visit_expr
FN:443,<impl VisitorMut for ExprVisitor<F>>::post_visit_expr
FN:482,visit_expressions
FN:555,visit_expressions_mut
FN:564,<impl Visitor for StatementVisitor<F>>::pre_visit_statement
FN:572,<impl VisitorMut for StatementVisitor<F>>::post_visit_statement
FN:610,visit_statements
FN:642,visit_statements_mut
FNF:38
FNDA:0,<impl Visit for Option<T>>::visit
FNDA:0,<impl Visit for Vec<T>>::visit
FNDA:0,<impl Visit for Box<T>>::visit
FNDA:0,<impl VisitMut for Option<T>>::visit
FNDA:0,<impl VisitMut for Vec<T>>::visit
FNDA:0,<impl VisitMut for Box<T>>::visit
FNDA:0,Visitor::pre_visit_query
FNDA:0,Visitor::post_visit_query
FNDA:0,Visitor::pre_visit_relation
FNDA:0,Visitor::post_visit_relation
FNDA:0,Visitor::pre_visit_table_factor
FNDA:0,Visitor::post_visit_table_factor
FNDA:0,Visitor::pre_visit_expr
FNDA:0,Visitor::post_visit_expr
FNDA:0,Visitor::pre_visit_statement
FNDA:0,Visitor::post_visit_statement
FNDA:0,VisitorMut::pre_visit_query
FNDA:0,VisitorMut::post_visit_query
FNDA:0,VisitorMut::pre_visit_relation
FNDA:0,VisitorMut::post_visit_relation
FNDA:0,VisitorMut::pre_visit_table_factor
FNDA:0,VisitorMut::post_visit_table_factor
FNDA:0,VisitorMut::pre_visit_expr
FNDA:0,VisitorMut::post_visit_expr
FNDA:0,VisitorMut::pre_visit_statement
FNDA:0,VisitorMut::post_visit_statement
FNDA:0,<impl Visitor for RelationVisitor<F>>::pre_visit_relation
FNDA:0,<impl VisitorMut for RelationVisitor<F>>::post_visit_relation
FNDA:0,visit_relations
FNDA:0,visit_relations_mut
FNDA:0,<impl Visitor for ExprVisitor<F>>::pre_visit_expr
FNDA:0,<impl VisitorMut for ExprVisitor<F>>::post_visit_expr
FNDA:0,visit_expressions
FNDA:0,visit_expressions_mut
FNDA:0,<impl Visitor for StatementVisitor<F>>::pre_visit_statement
FNDA:0,<impl VisitorMut for StatementVisitor<F>>::post_visit_statement
FNDA:0,visit_statements
FNDA:0,visit_statements_mut
DA:54,0
DA:55,0
DA:56,0
DA:58,0
DA:63,0
DA:64,0
DA:65,0
DA:67,0
DA:72,0
DA:73,0
DA:78,0
DA:79,0
DA:80,0
DA:82,0
DA:87,0
DA:88,0
DA:89,0
DA:91,0
DA:96,0
DA:97,0
DA:188,0
DA:189,0
DA:193,0
DA:194,0
DA:198,0
DA:199,0
DA:203,0
DA:204,0
DA:208,0
DA:209,0
DA:213,0
DA:214,0
DA:218,0
DA:219,0
DA:223,0
DA:224,0
DA:228,0
DA:229,0
DA:233,0
DA:234,0
DA:286,0
DA:287,0
DA:291,0
DA:292,0
DA:296,0
DA:297,0
DA:301,0
DA:302,0
DA:310,0
DA:318,0
DA:322,0
DA:323,0
DA:327,0
DA:328,0
DA:332,0
DA:333,0
DA:337,0
DA:338,0
DA:347,0
DA:348,0
DA:355,0
DA:356,0
DA:392,0
DA:393,0
DA:394,0
DA:425,0
DA:426,0
DA:427,0
DA:435,0
DA:436,0
DA:443,0
DA:444,0
DA:482,0
DA:483,0
DA:484,0
DA:555,0
DA:556,0
DA:564,0
DA:565,0
DA:572,0
DA:573,0
DA:610,0
DA:611,0
DA:612,0
DA:642,0
DA:643,0
LF:86
LH:0
end_of_record
TN:
SF:/Users/r/Desktop/lakesail/sqlparser-rs/src/dialect/ansi.rs
FN:25,<impl Dialect for AnsiDialect>::is_identifier_start
FN:29,<impl Dialect for AnsiDialect>::is_identifier_part
FN:33,<impl Dialect for AnsiDialect>::require_interval_qualifier
FNF:3
FNDA:6651,<impl Dialect for AnsiDialect>::is_identifier_start
FNDA:33164,<impl Dialect for AnsiDialect>::is_identifier_part
FNDA:103,<impl Dialect for AnsiDialect>::require_interval_qualifier
DA:25,6651
DA:26,11036
DA:29,33164
DA:30,73964
DA:33,103
DA:34,103
LF:6
LH:6
end_of_record
TN:
SF:/Users/r/Desktop/lakesail/sqlparser-rs/src/dialect/bigquery.rs
FN:26,<impl Dialect for BigQueryDialect>::is_delimited_identifier_start
FN:30,<impl Dialect for BigQueryDialect>::supports_projection_trailing_commas
FN:34,<impl Dialect for BigQueryDialect>::is_identifier_start
FN:38,<impl Dialect for BigQueryDialect>::is_identifier_part
FN:43,<impl Dialect for BigQueryDialect>::supports_triple_quoted_string
FN:48,<impl Dialect for BigQueryDialect>::supports_window_function_null_treatment_arg
FN:53,<impl Dialect for BigQueryDialect>::supports_string_literal_backslash_escape
FN:58,<impl Dialect for BigQueryDialect>::supports_window_clause_named_window_reference
FN:63,<impl Dialect for BigQueryDialect>::supports_parenthesized_set_variables
FN:68,<impl Dialect for BigQueryDialect>::supports_select_wildcard_except
FN:72,<impl Dialect for BigQueryDialect>::require_interval_qualifier
FNF:11
FNDA:12988,<impl Dialect for BigQueryDialect>::is_delimited_identifier_start
FNDA:820,<impl Dialect for BigQueryDialect>::supports_projection_trailing_commas
FNDA:7105,<impl Dialect for BigQueryDialect>::is_identifier_start
FNDA:38606,<impl Dialect for BigQueryDialect>::is_identifier_part
FNDA:381,<impl Dialect for BigQueryDialect>::supports_triple_quoted_string
FNDA:101,<impl Dialect for BigQueryDialect>::supports_window_function_null_treatment_arg
FNDA:364,<impl Dialect for BigQueryDialect>::supports_string_literal_backslash_escape
FNDA:2,<impl Dialect for BigQueryDialect>::supports_window_clause_named_window_reference
FNDA:19,<impl Dialect for BigQueryDialect>::supports_parenthesized_set_variables
FNDA:160,<impl Dialect for BigQueryDialect>::supports_select_wildcard_except
FNDA:116,<impl Dialect for BigQueryDialect>::require_interval_qualifier
DA:26,12988
DA:27,12988
DA:30,820
DA:31,820
DA:34,7105
DA:35,11940
DA:38,38606
DA:39,85974
DA:43,381
DA:44,381
DA:48,101
DA:49,101
DA:53,364
DA:54,364
DA:58,2
DA:59,2
DA:63,19
DA:64,19
DA:68,160
DA:69,160
DA:72,116
DA:73,116
LF:22
LH:22
end_of_record
TN:
SF:/Users/r/Desktop/lakesail/sqlparser-rs/src/dialect/clickhouse.rs
FN:25,<impl Dialect for ClickHouseDialect>::is_identifier_start
FN:30,<impl Dialect for ClickHouseDialect>::is_identifier_part
FN:34,<impl Dialect for ClickHouseDialect>::supports_string_literal_backslash_escape
FN:38,<impl Dialect for ClickHouseDialect>::supports_select_wildcard_except
FN:42,<impl Dialect for ClickHouseDialect>::describe_requires_table_keyword
FN:46,<impl Dialect for ClickHouseDialect>::require_interval_qualifier
FNF:6
FNDA:7215,<impl Dialect for ClickHouseDialect>::is_identifier_start
[...]
DA:11766,0
DA:11768,22
DA:11769,22
DA:11772,30
DA:11774,0
DA:11775,22
DA:11776,100
DA:11777,0
DA:11779,22
DA:11780,22
DA:11783,78
DA:11785,156
DA:11786,78
DA:11787,28
DA:11789,8
DA:11791,70
DA:11792,140
DA:11793,70
DA:11795,0
DA:11797,0
DA:11798,0
DA:11799,0
DA:11803,0
DA:11804,0
DA:11805,0
DA:11806,0
DA:11809,0
DA:11812,148
DA:11813,148
DA:11815,296
DA:11817,0
DA:11818,296
DA:11819,0
DA:11820,296
DA:11821,148
DA:11823,62
DA:11824,62
DA:11825,62
DA:11826,62
DA:11827,62
DA:11828,62
DA:11832,10
DA:11833,10
DA:11834,2
DA:11835,2
DA:11836,4
DA:11837,2
DA:11838,0
DA:11839,0
DA:11840,0
DA:11846,12
DA:11847,24
DA:11848,0
DA:11849,8
DA:11850,0
DA:11851,4
DA:11852,4
DA:11853,4
DA:11854,4
DA:11856,8
DA:11857,0
DA:11858,6
DA:11859,6
DA:11860,0
DA:11863,2
DA:11864,2
DA:11865,2
DA:11866,2
DA:11872,1
DA:11873,2
DA:11875,0
DA:11879,1
DA:11880,2
DA:11881,0
DA:11888,26
DA:11889,26
DA:11890,52
DA:11891,26
DA:11893,22
DA:11894,8
DA:11895,6
DA:11897,6
DA:11900,18
DA:11903,0
DA:11904,20
DA:11905,14
DA:11906,12
DA:11908,4
DA:11911,8
DA:11914,0
DA:11915,0
DA:11916,0
DA:11917,0
DA:11918,0
DA:11919,0
DA:11928,47
DA:11930,47
DA:11932,94
DA:11934,0
DA:11935,0
DA:11936,16
DA:11938,94
DA:11940,47
DA:11941,4
DA:11942,2
DA:11944,2
DA:11947,43
DA:11949,0
DA:11950,0
DA:11951,0
DA:11952,0
DA:11953,0
DA:11954,0
DA:11955,0
DA:11959,81
DA:11960,81
DA:11962,81
DA:11963,70
DA:11964,2
DA:11966,69
DA:11970,80
DA:11971,58
DA:11972,29
DA:11973,7
DA:11976,80
DA:11977,58
DA:11978,22
DA:11979,0
DA:11983,80
DA:11984,48
DA:11985,24
DA:11987,24
DA:11991,80
DA:11992,16
DA:11995,86
DA:11996,6
DA:11997,86
DA:11998,6
DA:12001,80
DA:12005,0
DA:12006,0
DA:12009,220
DA:12010,440
DA:12011,0
DA:12013,430
DA:12014,208
DA:12015,12
DA:12016,2
DA:12018,10
DA:12021,0
DA:12024,11
DA:12025,22
DA:12026,11
DA:12027,0
DA:12028,11
DA:12029,22
DA:12030,0
DA:12031,11
DA:12032,11
DA:12033,11
DA:12034,11
DA:12035,11
DA:12039,389
DA:12040,778
DA:12041,482
DA:12042,285
DA:12045,389
DA:12046,217
DA:12047,217
DA:12049,172
DA:12051,217
DA:12053,389
DA:12054,151
DA:12056,238
DA:12058,151
DA:12061,389
DA:12062,208
DA:12063,0
DA:12064,104
DA:12066,285
DA:12068,0
DA:12069,0
DA:12070,0
DA:12071,0
DA:12072,0
DA:12076,12
DA:12077,24
DA:12078,0
DA:12080,12
DA:12081,24
DA:12082,0
DA:12083,0
DA:12084,0
DA:12088,0
DA:12089,48
DA:12090,24
DA:12091,24
DA:12092,12
DA:12094,12
DA:12096,0
DA:12097,0
DA:12098,0
DA:12099,0
DA:12101,0
DA:12102,0
DA:12104,12
DA:12105,12
DA:12106,0
DA:12110,12
DA:12111,12
DA:12112,12
DA:12116,3
DA:12117,3
DA:12118,12
DA:12119,0
DA:12120,3
DA:12123,84
DA:12124,84
DA:12125,36
DA:12126,10
DA:12127,26
DA:12128,20
DA:12129,10
DA:12131,16
DA:12134,48
DA:12139,1
DA:12140,1
DA:12145,52757
DA:12147,52757
DA:12148,52757
LF:7158
LH:5499
end_of_record
TN:
SF:/Users/r/Desktop/lakesail/sqlparser-rs/src/test_utils.rs
FN:50,TestedDialects::new_parser
FN:61,TestedDialects::one_of_identical_results
FN:80,TestedDialects::run_parser_method
FN:92,TestedDialects::parse_sql_statements
FN:123,TestedDialects::one_statement_parses_to
FN:141,TestedDialects::expr_parses_to
FN:152,TestedDialects::verified_stmt
FN:159,TestedDialects::verified_query
FN:169,TestedDialects::verified_query_with_canonical
FN:179,TestedDialects::verified_only_select
FN:193,TestedDialects::verified_only_select_with_canonical
FN:207,TestedDialects::verified_expr
FN:213,all_dialects
FN:235,all_dialects_where
FN:246,all_dialects_except
FN:253,assert_eq_vec
FN:260,only
FN:269,expr_from_projection
FN:276,alter_table_op_with_name
FN:295,alter_table_op
FN:300,number
FN:304,table_alias
FN:311,table
FN:323,table_with_alias
FN:338,join
FN:346,call
FNF:26
FNDA:14122,TestedDialects::new_parser
FNDA:2763,TestedDialects::one_of_identical_results
FNDA:258,TestedDialects::run_parser_method
FNDA:2505,TestedDialects::parse_sql_statements
FNDA:1959,TestedDialects::one_statement_parses_to
FNDA:192,TestedDialects::expr_parses_to
FNDA:1644,TestedDialects::verified_stmt
FNDA:526,TestedDialects::verified_query
FNDA:2,TestedDialects::verified_query_with_canonical
FNDA:457,TestedDialects::verified_only_select
FNDA:14,TestedDialects::verified_only_select_with_canonical
FNDA:143,TestedDialects::verified_expr
FNDA:877,all_dialects
FNDA:66,all_dialects_where
FNDA:20,all_dialects_except
FNDA:46,assert_eq_vec
FNDA:185,only
FNDA:225,expr_from_projection
FNDA:43,alter_table_op_with_name
FNDA:26,alter_table_op
FNDA:268,number
FNDA:7,table_alias
FNDA:17,table
FNDA:2,table_with_alias
FNDA:13,join
FNDA:42,call
DA:50,14122
DA:51,14122
DA:52,14154
DA:53,0
DA:55,14090
DA:61,2763
DA:65,19665
DA:66,2763
DA:67,16902
DA:68,25515
DA:69,0
DA:70,0
DA:71,1
DA:74,14138
DA:76,2763
DA:77,2763
DA:80,258
DA:84,1122
DA:85,864
DA:86,864
DA:92,2505
DA:93,15780
DA:94,13275
DA:95,13307
DA:98,26550
DA:123,1959
DA:124,1959
DA:125,1959
DA:127,3877
DA:128,235
DA:131,1956
DA:133,1956
DA:134,1921
DA:136,1956
DA:141,192
DA:142,192
DA:143,999
DA:145,192
DA:146,192
DA:152,1644
DA:153,1644
DA:159,526
DA:160,526
DA:161,526
DA:162,0
DA:169,2
DA:170,2
DA:171,2
DA:172,0
DA:179,457
DA:180,457
DA:181,457
DA:182,0
DA:193,14
DA:194,28
DA:196,0
DA:199,14
DA:200,0
DA:207,143
DA:208,143
DA:213,877
DA:214,877
DA:215,877
DA:216,877
DA:217,877
DA:218,877
DA:219,877
DA:220,877
DA:221,877
DA:222,877
DA:223,877
DA:224,877
DA:225,877
DA:226,877
DA:235,66
DA:239,66
DA:240,924
DA:241,66
DA:246,20
DA:250,280
DA:253,46
DA:254,46
DA:255,46
DA:256,46
DA:260,185
DA:261,185
DA:262,370
DA:263,185
DA:265,0
DA:269,225
DA:270,225
DA:271,225
DA:272,0
DA:276,43
DA:277,43
DA:279,43
DA:280,43
DA:281,43
DA:282,43
DA:283,43
DA:284,43
DA:285,43
DA:286,43
DA:287,43
DA:288,43
DA:289,43
DA:291,0
DA:295,26
DA:296,26
DA:300,268
DA:301,268
DA:304,7
DA:305,7
DA:306,7
DA:307,7
DA:311,17
DA:313,17
DA:316,17
DA:318,17
DA:323,2
DA:325,2
DA:326,2
DA:331,2
DA:333,2
DA:338,13
DA:342,13
DA:346,42
DA:347,42
DA:348,42
DA:349,42
DA:350,42
DA:351,42
DA:352,42
DA:353,42
DA:354,142
DA:355,42
DA:356,42
DA:358,42
DA:359,42
DA:360,42
DA:361,42
LF:141
LH:130
end_of_record
TN:
SF:/Users/r/Desktop/lakesail/sqlparser-rs/src/tokenizer.rs
FN:248,<impl Display for Token>::fmt
FN:341,Token::make_keyword
FN:345,Token::make_word
FN:378,<impl Display for Word>::fmt
FN:390,Word::matching_end_quote
FN:412,<impl Display for Whitespace>::fmt
FN:433,<impl Display for Location>::fmt
FN:454,TokenWithLocation::new
FN:461,TokenWithLocation::wrap
FN:467,<impl PartialEq for TokenWithLocation>::eq
FN:473,<impl PartialEq for Token>::eq
FN:479,<impl Display for TokenWithLocation>::fmt
FN:492,<impl Display for TokenizerError>::fmt
FN:508,State<'a>::next
FN:524,State<'a>::peek
FN:528,State<'a>::location
FN:588,Tokenizer<'a>::new
FN:626,Tokenizer<'a>::with_unescape
FN:632,Tokenizer<'a>::tokenize
FN:638,Tokenizer<'a>::tokenize_with_location
FN:646,Tokenizer<'a>::tokenize_with_location_into_buf
FN:666,Tokenizer<'a>::tokenize_identifier_or_keyword
FN:692,Tokenizer<'a>::next_token
FN:1259,Tokenizer<'a>::consume_for_binop
FN:1270,Tokenizer<'a>::start_binop
FN:1292,Tokenizer<'a>::tokenize_dollar_preceded_value
FN:1392,Tokenizer<'a>::tokenizer_error
FN:1404,Tokenizer<'a>::tokenize_single_line_comment
FN:1414,Tokenizer<'a>::tokenize_word
FN:1423,Tokenizer<'a>::tokenize_escaped_single_quoted_string
FN:1437,Tokenizer<'a>::tokenize_single_or_triple_quoted_string
FN:1493,Tokenizer<'a>::tokenize_single_quoted_string
FN:1511,Tokenizer<'a>::tokenize_quoted_string
FN:1612,Tokenizer<'a>::tokenize_multiline_comment
FN:1645,Tokenizer<'a>::parse_quoted_ident
FN:1669,Tokenizer<'a>::consume_and_return
FN:1682,peeking_take_while
FN:1705,peeking_skip_whitespace_take_if
FN:1736,unescape_single_quoted_string
FN:1745,Unescape<'a,'b>::new
FN:1748,Unescape<'a,'b>::unescape
FN:1789,Unescape<'a,'b>::check_null
FN:1798,Unescape<'a,'b>::byte_to_char
FN:1814,Unescape<'a,'b>::unescape_hex
FN:1832,Unescape<'a,'b>::next_hex_digit
FN:1840,Unescape<'a,'b>::unescape_octal
FN:1855,Unescape<'a,'b>::next_octal_digest
FN:1863,Unescape<'a,'b>::unescape_unicode_16
FN:1868,Unescape<'a,'b>::unescape_unicode_32
FN:1872,Unescape<'a,'b>::unescape_unicode
FN:1884,unescape_unicode_single_quoted_string
FN:1919,take_char_from_hex_digits
FNF:52
FNDA:13773,<impl Display for Token>::fmt
FNDA:110,Token::make_keyword
FNDA:107092,Token::make_word
FNDA:6065,<impl Display for Word>::fmt
FNDA:520,Word::matching_end_quote
FNDA:120,<impl Display for Whitespace>::fmt
FNDA:27297,<impl Display for Location>::fmt
FNDA:5918,TokenWithLocation::new
FNDA:5911,TokenWithLocation::wrap
FNDA:173154,<impl PartialEq for TokenWithLocation>::eq
FNDA:914,<impl PartialEq for Token>::eq
FNDA:12886,<impl Display for TokenWithLocation>::fmt
FNDA:19,<impl Display for TokenizerError>::fmt
FNDA:733063,State<'a>::next
FNDA:938167,State<'a>::peek
FNDA:309076,State<'a>::location
FNDA:14342,Tokenizer<'a>::new
FNDA:994,Tokenizer<'a>::with_unescape
FNDA:13425,Tokenizer<'a>::tokenize
FNDA:14341,Tokenizer<'a>::tokenize_with_location
FNDA:14342,Tokenizer<'a>::tokenize_with_location_into_buf
FNDA:95860,Tokenizer<'a>::tokenize_identifier_or_keyword
FNDA:301167,Tokenizer<'a>::next_token
FNDA:191,Tokenizer<'a>::consume_for_binop
FNDA:1269,Tokenizer<'a>::start_binop
FNDA:85,Tokenizer<'a>::tokenize_dollar_preceded_value
FNDA:39,Tokenizer<'a>::tokenizer_error
FNDA:33,Tokenizer<'a>::tokenize_single_line_comment
FNDA:106378,Tokenizer<'a>::tokenize_word
FNDA:39,Tokenizer<'a>::tokenize_escaped_single_quoted_string
FNDA:395,Tokenizer<'a>::tokenize_single_or_triple_quoted_string
FNDA:3766,Tokenizer<'a>::tokenize_single_quoted_string
FNDA:4153,Tokenizer<'a>::tokenize_quoted_string
FNDA:3,Tokenizer<'a>::tokenize_multiline_comment
FNDA:509,Tokenizer<'a>::parse_quoted_ident
FNDA:161590,Tokenizer<'a>::consume_and_return
FNDA:134140,peeking_take_while
FNDA:9785,peeking_skip_whitespace_take_if
FNDA:80,unescape_single_quoted_string
FNDA:80,Unescape<'a,'b>::new
FNDA:80,Unescape<'a,'b>::unescape
FNDA:72,Unescape<'a,'b>::check_null
FNDA:33,Unescape<'a,'b>::byte_to_char
FNDA:15,Unescape<'a,'b>::unescape_hex
FNDA:28,Unescape<'a,'b>::next_hex_digit
FNDA:20,Unescape<'a,'b>::unescape_octal
FNDA:31,Unescape<'a,'b>::next_octal_digest
FNDA:13,Unescape<'a,'b>::unescape_unicode_16
FNDA:10,Unescape<'a,'b>::unescape_unicode_32
FNDA:23,Unescape<'a,'b>::unescape_unicode
FNDA:8,unescape_unicode_single_quoted_string
FNDA:10,take_char_from_hex_digits
DA:248,13773
DA:249,13773
DA:250,1149
DA:251,1218
DA:252,5698
DA:253,14
DA:254,2621
DA:255,3
DA:256,32
DA:257,3
DA:258,6
DA:259,60
DA:260,27
DA:261,8
DA:262,64
DA:263,11
DA:264,3
DA:265,4
DA:266,3
DA:267,4
DA:268,4
DA:269,3
DA:270,3
DA:271,41
DA:272,120
DA:273,0
DA:274,0
DA:275,37
DA:276,1
DA:277,34
DA:278,35
DA:279,0
DA:280,0
DA:281,709
DA:282,141
DA:283,127
DA:284,0
DA:285,0
DA:286,0
DA:287,0
DA:288,968
DA:289,222
DA:290,34
DA:291,92
DA:292,40
DA:293,2
DA:294,4
DA:295,0
DA:296,60
DA:297,33
DA:298,4
DA:299,0
DA:300,0
DA:301,28
DA:302,2
DA:303,13
DA:304,0
DA:305,1
DA:306,1
DA:307,4
DA:308,0
DA:309,0
DA:310,0
DA:311,0
DA:312,0
DA:313,0
DA:314,0
DA:315,4
DA:316,0
DA:317,0
DA:318,0
DA:319,0
DA:320,1
DA:321,1
DA:322,73
DA:323,3
DA:324,0
DA:325,0
DA:326,0
DA:327,0
DA:328,0
DA:329,0
DA:330,0
DA:331,0
DA:332,0
DA:333,0
DA:334,0
DA:335,0
DA:341,110
DA:342,110
DA:345,107092
DA:346,107092
DA:347,107092
DA:348,107092
DA:349,107092
DA:350,107092
DA:351,106577
DA:352,287391
DA:354,515
DA:378,6065
DA:379,11
DA:380,24
DA:383,6054
DA:384,0
DA:390,520
DA:391,520
DA:392,351
DA:393,30
DA:394,139
DA:395,0
DA:412,120
DA:413,120
DA:414,120
DA:415,0
DA:416,0
DA:417,0
DA:418,0
DA:433,27297
DA:434,27297
DA:435,24625
DA:437,2672
DA:438,2672
DA:441,2672
DA:454,5918
DA:457,5918
DA:461,5911
DA:462,5911
DA:467,173154
DA:468,173154
DA:473,914
DA:474,914
DA:479,12886
DA:480,12886
DA:492,19
DA:493,19
DA:508,733063
DA:509,733063
DA:510,9
DA:511,733054
DA:512,734365
DA:513,1311
DA:514,1311
DA:516,731743
DA:518,733054
DA:524,938167
DA:525,938167
DA:528,309076
DA:530,309076
DA:531,309076
DA:588,14342
DA:626,994
DA:627,994
DA:628,994
DA:632,13425
DA:633,26850
DA:634,272922
DA:638,14341
DA:639,14341
DA:640,14341
DA:641,42984
DA:646,14342
DA:651,14342
DA:656,14342
DA:657,874856
DA:658,286825
DA:660,286825
DA:662,14303
DA:666,95860
DA:671,95860
DA:672,95860
DA:673,95860
DA:676,479300
DA:678,0
DA:682,0
DA:683,0
DA:684,0
DA:685,0
DA:688,95860
DA:692,301167
DA:693,301167
DA:694,286891
DA:695,104132
DA:696,1057
DA:697,471
DA:698,0
DA:700,556
DA:701,1110
DA:702,554
DA:704,556
DA:707,4429
DA:708,1171
DA:709,3493
DA:710,9245
DA:712,0
DA:713,12
DA:714,10
DA:715,10
DA:716,10
DA:717,10
DA:718,10
DA:719,10
DA:720,10
DA:723,2
DA:724,2
DA:726,0
DA:727,7
DA:728,7
DA:729,7
DA:730,7
DA:731,7
DA:732,7
DA:733,7
DA:734,7
DA:737,0
DA:738,0
DA:740,0
DA:742,1152
DA:743,1152
DA:748,1004
DA:749,539
DA:750,1604
DA:751,4232
DA:753,7
DA:755,7
DA:758,7
DA:759,7
DA:761,7
DA:763,7
DA:766,7
DA:767,7
DA:769,0
DA:771,525
DA:772,525
DA:777,4433
DA:778,4433
DA:779,13254
DA:780,35140
DA:782,0
DA:784,96
DA:785,48
DA:787,0
DA:789,0
DA:790,0
DA:792,0
DA:794,4385
DA:795,4385
DA:800,2847
DA:801,2847
DA:802,2847
DA:803,14259
DA:804,0
DA:805,27
DA:806,51
DA:807,27
DA:809,0
DA:811,2808
DA:812,2808
DA:817,2097
DA:818,912
DA:819,912
DA:821,8
DA:822,8
DA:823,8
DA:824,8
DA:825,8
DA:826,8
DA:830,904
DA:831,904
DA:835,795
DA:836,795
DA:837,2417
DA:838,6335
DA:840,0
DA:842,102
DA:843,51
DA:845,0
DA:847,0
DA:848,0
DA:850,0
DA:852,744
DA:853,744
DA:858,0
DA:859,3938
DA:860,312
DA:861,312
DA:862,312
DA:863,312
DA:864,312
DA:865,312
DA:866,312
DA:869,3619
DA:870,0
DA:872,0
DA:875,3619
DA:878,432
DA:879,182
DA:881,91
DA:882,52
DA:883,52
DA:884,52
DA:885,52
DA:886,52
DA:887,52
DA:888,52
DA:891,39
DA:892,0
DA:894,0
DA:897,39
DA:900,509
DA:901,165922
DA:902,510
DA:903,510
DA:904,1019
DA:906,509
DA:907,509
DA:908,509
DA:909,509
DA:911,509
DA:912,508
DA:914,1
DA:915,1
DA:916,1
DA:921,107016
DA:922,28010
DA:925,293
DA:926,2
DA:927,20
DA:928,2
DA:932,12535
DA:933,2823
DA:934,2823
DA:936,19042
DA:939,0
DA:940,2553
DA:943,7159
DA:945,14245
DA:946,73
DA:947,73
DA:950,73
DA:951,172
DA:952,26
DA:953,26
DA:955,47
DA:958,73
DA:960,134
DA:961,87
DA:962,87
DA:964,61
DA:965,249
DA:966,61
DA:969,12
DA:975,8133
DA:976,967
DA:977,1824
DA:979,0
DA:980,5
DA:981,5
DA:985,13371
DA:986,7154
DA:987,7128
DA:989,26
DA:991,0
DA:994,22530
DA:995,10451
DA:996,7148
DA:998,0
DA:999,469
DA:1000,469
DA:1001,0
DA:1002,23
DA:1003,23
DA:1004,23
DA:1005,23
DA:1006,23
DA:1009,0
DA:1010,37
DA:1011,37
DA:1012,15
DA:1013,22
DA:1017,409
DA:1020,0
DA:1021,74
DA:1022,74
DA:1023,0
DA:1024,3
DA:1025,3
DA:1027,3
DA:1028,1
DA:1029,1
DA:1030,1
DA:1031,1
DA:1032,1
DA:1035,2
DA:1036,2
DA:1039,68
DA:1042,12608
DA:1043,2316
DA:1044,0
DA:1045,73
DA:1046,73
DA:1047,153
DA:1048,33
DA:1049,0
DA:1051,33
DA:1054,0
DA:1055,52
DA:1056,52
DA:1057,1
DA:1058,0
DA:1059,20
DA:1060,20
DA:1061,0
DA:1062,1
DA:1064,19
DA:1068,31
DA:1071,0
DA:1072,2198
DA:1073,2198
DA:1074,28
DA:1075,4
DA:1076,2166
DA:1079,0
DA:1080,12
DA:1081,12
DA:1082,1
DA:1083,1
DA:1084,0
DA:1085,8
DA:1086,8
DA:1087,2
DA:1088,2
DA:1089,0
DA:1090,4
DA:1091,4
DA:1092,2
DA:1093,2
DA:1094,2
DA:1096,2
DA:1099,2
DA:1102,2
DA:1105,0
DA:1106,299
DA:1107,299
DA:1108,0
DA:1109,7
DA:1110,7
DA:1111,1
DA:1112,6
DA:1115,76
DA:1116,15
DA:1117,16
DA:1118,185
DA:1121,0
DA:1122,311
DA:1123,311
DA:1124,31
DA:1125,19
DA:1126,261
DA:1129,0
DA:1130,235
DA:1131,235
DA:1132,61
DA:1133,7
DA:1134,167
DA:1137,326
DA:1138,6
DA:1139,146
DA:1140,146
DA:1141,0
DA:1142,47
DA:1143,47
DA:1144,0
DA:1145,6
DA:1146,6
DA:1149,41
DA:1152,0
DA:1153,22
DA:1154,22
DA:1155,3
DA:1156,19
DA:1159,51
DA:1160,51
DA:1161,27
DA:1162,9
DA:1163,9
DA:1164,9
DA:1165,9
DA:1166,9
DA:1169,0
DA:1170,67
DA:1171,67
DA:1172,8
DA:1173,0
DA:1174,7
DA:1175,7
DA:1176,0
DA:1177,2
DA:1179,5
DA:1182,52
DA:1185,0
DA:1186,18
DA:1187,18
DA:1188,3
DA:1189,0
DA:1190,6
DA:1191,6
DA:1192,0
DA:1193,3
DA:1195,3
DA:1198,1
DA:1199,14
DA:1200,3
DA:1202,5
DA:1205,0
DA:1206,65
DA:1207,65
DA:1208,13
DA:1209,13
DA:1210,0
DA:1211,17
DA:1212,17
DA:1213,13
DA:1214,12
DA:1215,4
DA:1217,0
DA:1220,0
DA:1221,40
DA:1222,9
DA:1224,13
DA:1228,29
DA:1229,3
DA:1230,3
DA:1231,1
DA:1232,1
DA:1233,1
DA:1236,0
DA:1237,26
DA:1238,79
DA:1239,26
DA:1243,287628
DA:1244,95844
DA:1246,90
DA:1249,13
DA:1250,1
DA:1252,10
DA:1254,14303
DA:1259,191
DA:1265,191
DA:1266,191
DA:1270,1269
DA:1276,1269
DA:1277,2939
DA:1278,0
DA:1279,1266
DA:1282,516
DA:1283,202
DA:1286,1269
DA:1287,1269
DA:1292,85
DA:1293,85
DA:1294,85
DA:1296,85
DA:1298,85
DA:1299,9
DA:1301,9
DA:1302,9
DA:1304,436
DA:1305,0
DA:1306,16
DA:1307,7
DA:1308,7
DA:1309,7
DA:1311,9
DA:1312,9
DA:1314,384
DA:1315,183
DA:1318,210
DA:1319,210
DA:1322,14
DA:1323,2
DA:1325,7
DA:1326,7
DA:1327,7
DA:1331,336
DA:1332,324
DA:1335,0
DA:1336,7
DA:1338,17
DA:1339,863
DA:1340,0
DA:1341,0
DA:1342,16
DA:1343,16
DA:1344,60
DA:1345,86
DA:1346,0
DA:1347,0
DA:1350,8
DA:1351,8
DA:1354,2
DA:1355,2
DA:1356,2
DA:1360,6
DA:1361,4
DA:1362,4
DA:1364,4
DA:1369,2
DA:1370,2
DA:1373,0
DA:1374,1
DA:1375,1
DA:1376,1
DA:1382,69
DA:1386,0
DA:1387,0
DA:1388,4
DA:1392,39
DA:1397,39
DA:1398,39
DA:1399,39
DA:1404,33
DA:1405,886
DA:1406,65
DA:1407,0
DA:1408,32
DA:1410,33
DA:1414,106378
DA:1415,106378
DA:1416,605379
DA:1417,499001
DA:1419,106378
DA:1423,39
DA:1428,66
DA:1429,0
DA:1432,12
DA:1437,395
DA:1448,395
DA:1450,395
DA:1451,918
DA:1452,1381
DA:1453,523
DA:1454,523
DA:1456,335
DA:1460,782
DA:1461,327
DA:1462,0
DA:1464,8
DA:1466,0
DA:1467,120
DA:1468,0
DA:1471,60
DA:1472,60
DA:1475,0
DA:1476,0
DA:1487,0
DA:1488,0
DA:1489,0
DA:1493,3766
DA:1499,3766
DA:1500,3766
DA:1501,3766
DA:1502,3766
DA:1503,3766
DA:1504,3766
DA:1505,3766
DA:1511,4153
DA:1516,4153
DA:1517,4153
DA:1520,4153
DA:1521,3766
DA:1522,0
DA:1526,4153
DA:1527,67751
DA:1528,34417
DA:1529,33313
DA:1530,66
DA:1531,618
DA:1533,66
DA:1535,486
DA:1538,210
DA:1539,12629
DA:1540,4161
DA:1542,4207
DA:1547,0
DA:1548,92
DA:1549,92
DA:1551,46
DA:1552,4115
DA:1554,7129
DA:1557,29
DA:1558,37
DA:1560,8
DA:1562,29
DA:1564,4086
DA:1567,184
DA:1569,184
DA:1571,184
DA:1573,368
DA:1574,94
DA:1576,94
DA:1577,94
DA:1578,94
DA:1580,180
DA:1581,6
DA:1582,4
DA:1583,4
DA:1584,1
DA:1585,6
DA:1586,6
DA:1587,4
DA:1588,4
DA:1589,55
DA:1591,0
DA:1596,29520
DA:1597,29520
DA:1599,29666
DA:1600,146
DA:1602,29374
DA:1605,29520
DA:1609,21
DA:1612,3
DA:1616,3
DA:1617,3
DA:1618,3
DA:1620,0
DA:1621,90
DA:1622,90
DA:1623,100
DA:1624,3
DA:1625,102
DA:1626,6
DA:1627,6
DA:1628,3
DA:1629,3
DA:1632,87
DA:1633,87
DA:1635,0
DA:1636,0
DA:1637,0
DA:1638,0
DA:1645,509
DA:1646,509
DA:1647,509
DA:1648,8437
DA:1649,0
DA:1650,529
DA:1651,21
DA:1652,21
DA:1653,28
DA:1655,7
DA:1658,508
DA:1659,508
DA:1662,3689
DA:1665,509
DA:1669,161590
DA:1674,161590
DA:1675,161590
DA:1682,134140
DA:1683,134140
DA:1684,1082039
DA:1685,412102
DA:1686,412102
DA:1687,412102
DA:1689,123695
DA:1692,134140
DA:1705,9785
DA:1710,19402
DA:1711,0
DA:1712,171
DA:1716,9614
DA:1717,9614
DA:1718,0
DA:1719,10087
DA:1720,9919
DA:1722,0
DA:1723,0
DA:1725,0
DA:1727,29284
DA:1728,0
DA:1729,0
DA:1731,9614
DA:1736,80
DA:1737,80
DA:1745,80
DA:1748,80
DA:1749,80
DA:1751,80
DA:1753,478
DA:1754,0
DA:1756,131
DA:1757,1
DA:1758,1
DA:1759,1
DA:1761,53
DA:1764,184
DA:1765,97
DA:1766,97
DA:1769,72
DA:1770,1
DA:1771,1
DA:1772,7
DA:1773,2
DA:1774,1
DA:1775,17
DA:1776,15
DA:1777,20
DA:1778,78
DA:1779,17
DA:1782,10
DA:1785,2
DA:1789,72
DA:1790,72
DA:1791,10
DA:1793,62
DA:1798,33
DA:1800,33
DA:1801,0
DA:1802,33
DA:1803,33
DA:1804,33
DA:1805,27
DA:1807,6
DA:1814,15
DA:1815,15
DA:1817,36
DA:1818,28
DA:1819,21
DA:1820,7
DA:1824,15
DA:1825,2
DA:1828,13
DA:1832,28
DA:1833,28
DA:1834,70
DA:1835,7
DA:1840,20
DA:1841,20
DA:1843,20
DA:1844,38
DA:1845,31
DA:1846,18
DA:1847,13
DA:1851,20
DA:1855,31
DA:1856,31
DA:1857,67
DA:1858,13
DA:1863,13
DA:1864,13
DA:1868,10
DA:1869,10
DA:1872,23
DA:1873,23
DA:1874,144
DA:1875,127
DA:1877,20
DA:1878,2
DA:1879,18
DA:1884,8
DA:1885,8
DA:1886,8
DA:1887,44
DA:1890,12
DA:1891,2
DA:1892,2
DA:1894,8
DA:1897,12
DA:1898,2
DA:1899,2
DA:1900,2
DA:1903,2
DA:1904,2
DA:1906,8
DA:1908,0
DA:1909,0
DA:1913,0
DA:1914,0
DA:1915,0
DA:1919,10
DA:1923,10
DA:1924,10
DA:1925,88
DA:1926,0
DA:1927,0
DA:1928,0
DA:1930,44
DA:1931,0
DA:1932,0
DA:1936,10
DA:1937,0
DA:1938,0
LF:891
LH:736
end_of_record
